#
# There is insufficient memory for the Java Runtime Environment to continue.
# Native memory allocation (malloc) failed to allocate 32744 bytes for ChunkPool::allocate
# Possible reasons:
#   The system is out of physical RAM or swap space
#   The process is running with CompressedOops enabled, and the Java Heap may be blocking the growth of the native heap
# Possible solutions:
#   Reduce memory load on the system
#   Increase physical memory or swap space
#   Check if swap backing store is full
#   Decrease Java heap size (-Xmx/-Xms)
#   Decrease number of Java threads
#   Decrease Java thread stack sizes (-Xss)
#   Set larger code cache with -XX:ReservedCodeCacheSize=
#   JVM is running with Unscaled Compressed Oops mode in which the Java heap is
#     placed in the first 4GB address space. The Java Heap base address is the
#     maximum limit for the native heap growth. Please use -XX:HeapBaseMinAddress
#     to set the Java Heap base and to place the Java Heap above 4GB virtual address.
# This output file may be truncated or incomplete.
#
#  Out of Memory Error (arena.cpp:78), pid=9724, tid=12424
#
# JRE version: Java(TM) SE Runtime Environment (17.0.8+9) (build 17.0.8+9-LTS-211)
# Java VM: Java HotSpot(TM) 64-Bit Server VM (17.0.8+9-LTS-211, mixed mode, emulated-client, sharing, tiered, compressed oops, compressed class ptrs, g1 gc, windows-amd64)
# No core dump will be written. Minidumps are not enabled by default on client versions of Windows
#

---------------  S U M M A R Y ------------

Command Line: -XX:TieredStopAtLevel=1 -Dspring.output.ansi.enabled=always -Dcom.sun.management.jmxremote -Dspring.jmx.enabled=true -Dspring.liveBeansView.mbeanDomain -Dspring.application.admin.enabled=true -Dmanagement.endpoints.jmx.exposure.include=* -javaagent:C:\Users\Oleg\AppData\Local\JetBrains\Toolbox\apps\IDEA-U\ch-0\232.9921.47\lib\idea_rt.jar=55539:C:\Users\Oleg\AppData\Local\JetBrains\Toolbox\apps\IDEA-U\ch-0\232.9921.47\bin -Dfile.encoding=UTF-8 ru.ryazancev.parkingreservationsystem.ParkingReservationSystemApplication

Host: Intel(R) Core(TM) i5-10210U CPU @ 1.60GHz, 8 cores, 7G,  Windows 11 , 64 bit Build 22621 (10.0.22621.2361)
Time: Sun Oct  8 13:25:19 2023 Russia TZ 2 Standard Time elapsed time: 0.419521 seconds (0d 0h 0m 0s)

---------------  T H R E A D  ---------------

Current thread (0x000001cad3a9a3e0):  JavaThread "C1 CompilerThread0" daemon [_thread_in_native, id=12424, stack(0x0000009a60c00000,0x0000009a60d00000)]


Current CompileTask:
C1:    419  780       1       sun.security.provider.ByteArrayAccess::b2iBig64 (231 bytes)

Stack: [0x0000009a60c00000,0x0000009a60d00000]
Native frames: (J=compiled Java code, j=interpreted, Vv=VM code, C=native code)
V  [jvm.dll+0x677d0a]
V  [jvm.dll+0x7d8c54]
V  [jvm.dll+0x7da3fe]
V  [jvm.dll+0x7daa63]
V  [jvm.dll+0x245c5f]
V  [jvm.dll+0xaacc0]
V  [jvm.dll+0xab00c]
V  [jvm.dll+0x182914]
V  [jvm.dll+0x183ad0]
V  [jvm.dll+0x13443b]
V  [jvm.dll+0x134600]
V  [jvm.dll+0x1348c8]
V  [jvm.dll+0x133d61]
V  [jvm.dll+0x135a0d]
V  [jvm.dll+0x2270be]
V  [jvm.dll+0x22535b]
V  [jvm.dll+0x78e7bc]
V  [jvm.dll+0x788bba]
V  [jvm.dll+0x676b35]
C  [ucrtbase.dll+0x29363]
C  [KERNEL32.DLL+0x1257d]
C  [ntdll.dll+0x5aa78]


---------------  P R O C E S S  ---------------

Threads class SMR info:
_java_thread_list=0x000001cb190f1c60, length=14, elements={
0x000001cac1c39a60, 0x000001cad3a80660, 0x000001cad3a814d0, 0x000001cad3a95310,
0x000001cad3a96090, 0x000001cad3a97bb0, 0x000001cad3a98970, 0x000001cad3a9a3e0,
0x000001cad3aac340, 0x000001cad3afe630, 0x000001cb190aa260, 0x000001cad3a65b00,
0x000001cb193f6f10, 0x000001cb193f73e0
}

Java Threads: ( => current thread )
  0x000001cac1c39a60 JavaThread "main" [_thread_in_vm, id=12416, stack(0x0000009a5ff00000,0x0000009a60000000)]
  0x000001cad3a80660 JavaThread "Reference Handler" daemon [_thread_blocked, id=12304, stack(0x0000009a60600000,0x0000009a60700000)]
  0x000001cad3a814d0 JavaThread "Finalizer" daemon [_thread_blocked, id=8176, stack(0x0000009a60700000,0x0000009a60800000)]
  0x000001cad3a95310 JavaThread "Signal Dispatcher" daemon [_thread_blocked, id=1880, stack(0x0000009a60800000,0x0000009a60900000)]
  0x000001cad3a96090 JavaThread "Attach Listener" daemon [_thread_blocked, id=11404, stack(0x0000009a60900000,0x0000009a60a00000)]
  0x000001cad3a97bb0 JavaThread "Service Thread" daemon [_thread_blocked, id=11820, stack(0x0000009a60a00000,0x0000009a60b00000)]
  0x000001cad3a98970 JavaThread "Monitor Deflation Thread" daemon [_thread_blocked, id=7972, stack(0x0000009a60b00000,0x0000009a60c00000)]
=>0x000001cad3a9a3e0 JavaThread "C1 CompilerThread0" daemon [_thread_in_native, id=12424, stack(0x0000009a60c00000,0x0000009a60d00000)]
  0x000001cad3aac340 JavaThread "Sweeper thread" daemon [_thread_blocked, id=13180, stack(0x0000009a60d00000,0x0000009a60e00000)]
  0x000001cad3afe630 JavaThread "Common-Cleaner" daemon [_thread_blocked, id=3828, stack(0x0000009a60e00000,0x0000009a60f00000)]
  0x000001cb190aa260 JavaThread "C1 CompilerThread1" daemon [_thread_blocked, id=13196, stack(0x0000009a60f00000,0x0000009a61000000)]
  0x000001cad3a65b00 JavaThread "C1 CompilerThread2" daemon [_thread_blocked, id=3300, stack(0x0000009a61000000,0x0000009a61100000)]
  0x000001cb193f6f10 JavaThread "Monitor Ctrl-Break" daemon [_thread_in_native, id=2044, stack(0x0000009a61100000,0x0000009a61200000)]
  0x000001cb193f73e0 JavaThread "Notification Thread" daemon [_thread_blocked, id=9252, stack(0x0000009a61200000,0x0000009a61300000)]

Other Threads:
  0x000001cad3a7aa60 VMThread "VM Thread" [stack: 0x0000009a60500000,0x0000009a60600000] [id=8204]
  0x000001cac1c937d0 GCTaskThread "GC Thread#0" [stack: 0x0000009a60000000,0x0000009a60100000] [id=6460]
  0x000001cac1ca4210 ConcurrentGCThread "G1 Main Marker" [stack: 0x0000009a60100000,0x0000009a60200000] [id=6652]
  0x000001cac1ca5c30 ConcurrentGCThread "G1 Conc#0" [stack: 0x0000009a60200000,0x0000009a60300000] [id=10144]
  0x000001cac1cfec50 ConcurrentGCThread "G1 Refine#0" [stack: 0x0000009a60300000,0x0000009a60400000] [id=3908]
  0x000001cad3934c10 ConcurrentGCThread "G1 Service" [stack: 0x0000009a60400000,0x0000009a60500000] [id=5336]

Threads with active compile tasks:
C1 CompilerThread0      444  780       1       sun.security.provider.ByteArrayAccess::b2iBig64 (231 bytes)

VM state: not at safepoint (normal execution)

VM Mutex/Monitor currently owned by a thread:  ([mutex/lock_event])
[0x000001cac1c29fe0] Metaspace_lock - owner thread: 0x000001cac1c39a60

Heap address: 0x0000000082800000, size: 2008 MB, Compressed Oops mode: 32-bit

CDS archive(s) mapped at: [0x000001cad4000000-0x000001cad4bd0000-0x000001cad4bd0000), size 12386304, SharedBaseAddress: 0x000001cad4000000, ArchiveRelocationMode: 1.
Compressed class space mapped at: 0x000001cad5000000-0x000001cb15000000, reserved size: 1073741824
Narrow klass base: 0x000001cad4000000, Narrow klass shift: 0, Narrow klass range: 0x100000000

GC Precious Log:
 CPUs: 8 total, 8 available
 Memory: 8025M
 Large Page Support: Disabled
 NUMA Support: Disabled
 Compressed Oops: Enabled (32-bit)
 Heap Region Size: 1M
 Heap Min Capacity: 8M
 Heap Initial Capacity: 126M
 Heap Max Capacity: 2008M
 Pre-touch: Disabled
 Parallel Workers: 8
 Concurrent Workers: 2
 Concurrent Refinement Workers: 8
 Periodic GC: Disabled

Heap:
 garbage-first heap   total 129024K, used 12288K [0x0000000082800000, 0x0000000100000000)
  region size 1024K, 13 young (13312K), 0 survivors (0K)
 Metaspace       used 3927K, committed 4032K, reserved 1114112K
  class space    used 479K, committed 512K, reserved 1048576K

Heap Regions: E=young(eden), S=young(survivor), O=old, HS=humongous(starts), HC=humongous(continues), CS=collection set, F=free, OA=open archive, CA=closed archive, TAMS=top-at-mark-start (previous, next)
|   0|0x0000000082800000, 0x0000000082900000, 0x0000000082900000|100%|HS|  |TAMS 0x0000000082800000, 0x0000000082800000| Complete 
|   1|0x0000000082900000, 0x0000000082900000, 0x0000000082a00000|  0%| F|  |TAMS 0x0000000082900000, 0x0000000082900000| Untracked 
|   2|0x0000000082a00000, 0x0000000082a00000, 0x0000000082b00000|  0%| F|  |TAMS 0x0000000082a00000, 0x0000000082a00000| Untracked 
|   3|0x0000000082b00000, 0x0000000082b00000, 0x0000000082c00000|  0%| F|  |TAMS 0x0000000082b00000, 0x0000000082b00000| Untracked 
|   4|0x0000000082c00000, 0x0000000082c00000, 0x0000000082d00000|  0%| F|  |TAMS 0x0000000082c00000, 0x0000000082c00000| Untracked 
|   5|0x0000000082d00000, 0x0000000082d00000, 0x0000000082e00000|  0%| F|  |TAMS 0x0000000082d00000, 0x0000000082d00000| Untracked 
|   6|0x0000000082e00000, 0x0000000082e00000, 0x0000000082f00000|  0%| F|  |TAMS 0x0000000082e00000, 0x0000000082e00000| Untracked 
|   7|0x0000000082f00000, 0x0000000082f00000, 0x0000000083000000|  0%| F|  |TAMS 0x0000000082f00000, 0x0000000082f00000| Untracked 
|   8|0x0000000083000000, 0x0000000083000000, 0x0000000083100000|  0%| F|  |TAMS 0x0000000083000000, 0x0000000083000000| Untracked 
|   9|0x0000000083100000, 0x0000000083100000, 0x0000000083200000|  0%| F|  |TAMS 0x0000000083100000, 0x0000000083100000| Untracked 
|  10|0x0000000083200000, 0x0000000083200000, 0x0000000083300000|  0%| F|  |TAMS 0x0000000083200000, 0x0000000083200000| Untracked 
|  11|0x0000000083300000, 0x0000000083300000, 0x0000000083400000|  0%| F|  |TAMS 0x0000000083300000, 0x0000000083300000| Untracked 
|  12|0x0000000083400000, 0x0000000083400000, 0x0000000083500000|  0%| F|  |TAMS 0x0000000083400000, 0x0000000083400000| Untracked 
|  13|0x0000000083500000, 0x0000000083500000, 0x0000000083600000|  0%| F|  |TAMS 0x0000000083500000, 0x0000000083500000| Untracked 
|  14|0x0000000083600000, 0x0000000083600000, 0x0000000083700000|  0%| F|  |TAMS 0x0000000083600000, 0x0000000083600000| Untracked 
|  15|0x0000000083700000, 0x0000000083700000, 0x0000000083800000|  0%| F|  |TAMS 0x0000000083700000, 0x0000000083700000| Untracked 
|  16|0x0000000083800000, 0x0000000083800000, 0x0000000083900000|  0%| F|  |TAMS 0x0000000083800000, 0x0000000083800000| Untracked 
|  17|0x0000000083900000, 0x0000000083900000, 0x0000000083a00000|  0%| F|  |TAMS 0x0000000083900000, 0x0000000083900000| Untracked 
|  18|0x0000000083a00000, 0x0000000083a00000, 0x0000000083b00000|  0%| F|  |TAMS 0x0000000083a00000, 0x0000000083a00000| Untracked 
|  19|0x0000000083b00000, 0x0000000083b00000, 0x0000000083c00000|  0%| F|  |TAMS 0x0000000083b00000, 0x0000000083b00000| Untracked 
|  20|0x0000000083c00000, 0x0000000083c00000, 0x0000000083d00000|  0%| F|  |TAMS 0x0000000083c00000, 0x0000000083c00000| Untracked 
|  21|0x0000000083d00000, 0x0000000083d00000, 0x0000000083e00000|  0%| F|  |TAMS 0x0000000083d00000, 0x0000000083d00000| Untracked 
|  22|0x0000000083e00000, 0x0000000083e00000, 0x0000000083f00000|  0%| F|  |TAMS 0x0000000083e00000, 0x0000000083e00000| Untracked 
|  23|0x0000000083f00000, 0x0000000083f00000, 0x0000000084000000|  0%| F|  |TAMS 0x0000000083f00000, 0x0000000083f00000| Untracked 
|  24|0x0000000084000000, 0x0000000084000000, 0x0000000084100000|  0%| F|  |TAMS 0x0000000084000000, 0x0000000084000000| Untracked 
|  25|0x0000000084100000, 0x0000000084100000, 0x0000000084200000|  0%| F|  |TAMS 0x0000000084100000, 0x0000000084100000| Untracked 
|  26|0x0000000084200000, 0x0000000084200000, 0x0000000084300000|  0%| F|  |TAMS 0x0000000084200000, 0x0000000084200000| Untracked 
|  27|0x0000000084300000, 0x0000000084300000, 0x0000000084400000|  0%| F|  |TAMS 0x0000000084300000, 0x0000000084300000| Untracked 
|  28|0x0000000084400000, 0x0000000084400000, 0x0000000084500000|  0%| F|  |TAMS 0x0000000084400000, 0x0000000084400000| Untracked 
|  29|0x0000000084500000, 0x0000000084500000, 0x0000000084600000|  0%| F|  |TAMS 0x0000000084500000, 0x0000000084500000| Untracked 
|  30|0x0000000084600000, 0x0000000084600000, 0x0000000084700000|  0%| F|  |TAMS 0x0000000084600000, 0x0000000084600000| Untracked 
|  31|0x0000000084700000, 0x0000000084700000, 0x0000000084800000|  0%| F|  |TAMS 0x0000000084700000, 0x0000000084700000| Untracked 
|  32|0x0000000084800000, 0x0000000084800000, 0x0000000084900000|  0%| F|  |TAMS 0x0000000084800000, 0x0000000084800000| Untracked 
|  33|0x0000000084900000, 0x0000000084900000, 0x0000000084a00000|  0%| F|  |TAMS 0x0000000084900000, 0x0000000084900000| Untracked 
|  34|0x0000000084a00000, 0x0000000084a00000, 0x0000000084b00000|  0%| F|  |TAMS 0x0000000084a00000, 0x0000000084a00000| Untracked 
|  35|0x0000000084b00000, 0x0000000084b00000, 0x0000000084c00000|  0%| F|  |TAMS 0x0000000084b00000, 0x0000000084b00000| Untracked 
|  36|0x0000000084c00000, 0x0000000084c00000, 0x0000000084d00000|  0%| F|  |TAMS 0x0000000084c00000, 0x0000000084c00000| Untracked 
|  37|0x0000000084d00000, 0x0000000084d00000, 0x0000000084e00000|  0%| F|  |TAMS 0x0000000084d00000, 0x0000000084d00000| Untracked 
|  38|0x0000000084e00000, 0x0000000084e00000, 0x0000000084f00000|  0%| F|  |TAMS 0x0000000084e00000, 0x0000000084e00000| Untracked 
|  39|0x0000000084f00000, 0x0000000084f00000, 0x0000000085000000|  0%| F|  |TAMS 0x0000000084f00000, 0x0000000084f00000| Untracked 
|  40|0x0000000085000000, 0x0000000085000000, 0x0000000085100000|  0%| F|  |TAMS 0x0000000085000000, 0x0000000085000000| Untracked 
|  41|0x0000000085100000, 0x0000000085100000, 0x0000000085200000|  0%| F|  |TAMS 0x0000000085100000, 0x0000000085100000| Untracked 
|  42|0x0000000085200000, 0x0000000085200000, 0x0000000085300000|  0%| F|  |TAMS 0x0000000085200000, 0x0000000085200000| Untracked 
|  43|0x0000000085300000, 0x0000000085300000, 0x0000000085400000|  0%| F|  |TAMS 0x0000000085300000, 0x0000000085300000| Untracked 
|  44|0x0000000085400000, 0x0000000085400000, 0x0000000085500000|  0%| F|  |TAMS 0x0000000085400000, 0x0000000085400000| Untracked 
|  45|0x0000000085500000, 0x0000000085500000, 0x0000000085600000|  0%| F|  |TAMS 0x0000000085500000, 0x0000000085500000| Untracked 
|  46|0x0000000085600000, 0x0000000085600000, 0x0000000085700000|  0%| F|  |TAMS 0x0000000085600000, 0x0000000085600000| Untracked 
|  47|0x0000000085700000, 0x0000000085700000, 0x0000000085800000|  0%| F|  |TAMS 0x0000000085700000, 0x0000000085700000| Untracked 
|  48|0x0000000085800000, 0x0000000085800000, 0x0000000085900000|  0%| F|  |TAMS 0x0000000085800000, 0x0000000085800000| Untracked 
|  49|0x0000000085900000, 0x0000000085900000, 0x0000000085a00000|  0%| F|  |TAMS 0x0000000085900000, 0x0000000085900000| Untracked 
|  50|0x0000000085a00000, 0x0000000085a00000, 0x0000000085b00000|  0%| F|  |TAMS 0x0000000085a00000, 0x0000000085a00000| Untracked 
|  51|0x0000000085b00000, 0x0000000085b00000, 0x0000000085c00000|  0%| F|  |TAMS 0x0000000085b00000, 0x0000000085b00000| Untracked 
|  52|0x0000000085c00000, 0x0000000085c00000, 0x0000000085d00000|  0%| F|  |TAMS 0x0000000085c00000, 0x0000000085c00000| Untracked 
|  53|0x0000000085d00000, 0x0000000085d00000, 0x0000000085e00000|  0%| F|  |TAMS 0x0000000085d00000, 0x0000000085d00000| Untracked 
|  54|0x0000000085e00000, 0x0000000085e00000, 0x0000000085f00000|  0%| F|  |TAMS 0x0000000085e00000, 0x0000000085e00000| Untracked 
|  55|0x0000000085f00000, 0x0000000085f00000, 0x0000000086000000|  0%| F|  |TAMS 0x0000000085f00000, 0x0000000085f00000| Untracked 
|  56|0x0000000086000000, 0x0000000086000000, 0x0000000086100000|  0%| F|  |TAMS 0x0000000086000000, 0x0000000086000000| Untracked 
|  57|0x0000000086100000, 0x0000000086100000, 0x0000000086200000|  0%| F|  |TAMS 0x0000000086100000, 0x0000000086100000| Untracked 
|  58|0x0000000086200000, 0x0000000086200000, 0x0000000086300000|  0%| F|  |TAMS 0x0000000086200000, 0x0000000086200000| Untracked 
|  59|0x0000000086300000, 0x0000000086300000, 0x0000000086400000|  0%| F|  |TAMS 0x0000000086300000, 0x0000000086300000| Untracked 
|  60|0x0000000086400000, 0x0000000086400000, 0x0000000086500000|  0%| F|  |TAMS 0x0000000086400000, 0x0000000086400000| Untracked 
|  61|0x0000000086500000, 0x0000000086500000, 0x0000000086600000|  0%| F|  |TAMS 0x0000000086500000, 0x0000000086500000| Untracked 
|  62|0x0000000086600000, 0x0000000086600000, 0x0000000086700000|  0%| F|  |TAMS 0x0000000086600000, 0x0000000086600000| Untracked 
|  63|0x0000000086700000, 0x0000000086700000, 0x0000000086800000|  0%| F|  |TAMS 0x0000000086700000, 0x0000000086700000| Untracked 
|  64|0x0000000086800000, 0x0000000086800000, 0x0000000086900000|  0%| F|  |TAMS 0x0000000086800000, 0x0000000086800000| Untracked 
|  65|0x0000000086900000, 0x0000000086900000, 0x0000000086a00000|  0%| F|  |TAMS 0x0000000086900000, 0x0000000086900000| Untracked 
|  66|0x0000000086a00000, 0x0000000086a00000, 0x0000000086b00000|  0%| F|  |TAMS 0x0000000086a00000, 0x0000000086a00000| Untracked 
|  67|0x0000000086b00000, 0x0000000086b00000, 0x0000000086c00000|  0%| F|  |TAMS 0x0000000086b00000, 0x0000000086b00000| Untracked 
|  68|0x0000000086c00000, 0x0000000086c00000, 0x0000000086d00000|  0%| F|  |TAMS 0x0000000086c00000, 0x0000000086c00000| Untracked 
|  69|0x0000000086d00000, 0x0000000086d00000, 0x0000000086e00000|  0%| F|  |TAMS 0x0000000086d00000, 0x0000000086d00000| Untracked 
|  70|0x0000000086e00000, 0x0000000086e00000, 0x0000000086f00000|  0%| F|  |TAMS 0x0000000086e00000, 0x0000000086e00000| Untracked 
|  71|0x0000000086f00000, 0x0000000086f00000, 0x0000000087000000|  0%| F|  |TAMS 0x0000000086f00000, 0x0000000086f00000| Untracked 
|  72|0x0000000087000000, 0x0000000087000000, 0x0000000087100000|  0%| F|  |TAMS 0x0000000087000000, 0x0000000087000000| Untracked 
|  73|0x0000000087100000, 0x0000000087100000, 0x0000000087200000|  0%| F|  |TAMS 0x0000000087100000, 0x0000000087100000| Untracked 
|  74|0x0000000087200000, 0x0000000087200000, 0x0000000087300000|  0%| F|  |TAMS 0x0000000087200000, 0x0000000087200000| Untracked 
|  75|0x0000000087300000, 0x0000000087300000, 0x0000000087400000|  0%| F|  |TAMS 0x0000000087300000, 0x0000000087300000| Untracked 
|  76|0x0000000087400000, 0x0000000087400000, 0x0000000087500000|  0%| F|  |TAMS 0x0000000087400000, 0x0000000087400000| Untracked 
|  77|0x0000000087500000, 0x0000000087500000, 0x0000000087600000|  0%| F|  |TAMS 0x0000000087500000, 0x0000000087500000| Untracked 
|  78|0x0000000087600000, 0x0000000087600000, 0x0000000087700000|  0%| F|  |TAMS 0x0000000087600000, 0x0000000087600000| Untracked 
|  79|0x0000000087700000, 0x0000000087700000, 0x0000000087800000|  0%| F|  |TAMS 0x0000000087700000, 0x0000000087700000| Untracked 
|  80|0x0000000087800000, 0x0000000087800000, 0x0000000087900000|  0%| F|  |TAMS 0x0000000087800000, 0x0000000087800000| Untracked 
|  81|0x0000000087900000, 0x0000000087900000, 0x0000000087a00000|  0%| F|  |TAMS 0x0000000087900000, 0x0000000087900000| Untracked 
|  82|0x0000000087a00000, 0x0000000087a00000, 0x0000000087b00000|  0%| F|  |TAMS 0x0000000087a00000, 0x0000000087a00000| Untracked 
|  83|0x0000000087b00000, 0x0000000087b00000, 0x0000000087c00000|  0%| F|  |TAMS 0x0000000087b00000, 0x0000000087b00000| Untracked 
|  84|0x0000000087c00000, 0x0000000087c00000, 0x0000000087d00000|  0%| F|  |TAMS 0x0000000087c00000, 0x0000000087c00000| Untracked 
|  85|0x0000000087d00000, 0x0000000087d00000, 0x0000000087e00000|  0%| F|  |TAMS 0x0000000087d00000, 0x0000000087d00000| Untracked 
|  86|0x0000000087e00000, 0x0000000087e00000, 0x0000000087f00000|  0%| F|  |TAMS 0x0000000087e00000, 0x0000000087e00000| Untracked 
|  87|0x0000000087f00000, 0x0000000087f00000, 0x0000000088000000|  0%| F|  |TAMS 0x0000000087f00000, 0x0000000087f00000| Untracked 
|  88|0x0000000088000000, 0x0000000088000000, 0x0000000088100000|  0%| F|  |TAMS 0x0000000088000000, 0x0000000088000000| Untracked 
|  89|0x0000000088100000, 0x0000000088100000, 0x0000000088200000|  0%| F|  |TAMS 0x0000000088100000, 0x0000000088100000| Untracked 
|  90|0x0000000088200000, 0x0000000088200000, 0x0000000088300000|  0%| F|  |TAMS 0x0000000088200000, 0x0000000088200000| Untracked 
|  91|0x0000000088300000, 0x0000000088300000, 0x0000000088400000|  0%| F|  |TAMS 0x0000000088300000, 0x0000000088300000| Untracked 
|  92|0x0000000088400000, 0x0000000088400000, 0x0000000088500000|  0%| F|  |TAMS 0x0000000088400000, 0x0000000088400000| Untracked 
|  93|0x0000000088500000, 0x0000000088500000, 0x0000000088600000|  0%| F|  |TAMS 0x0000000088500000, 0x0000000088500000| Untracked 
|  94|0x0000000088600000, 0x0000000088600000, 0x0000000088700000|  0%| F|  |TAMS 0x0000000088600000, 0x0000000088600000| Untracked 
|  95|0x0000000088700000, 0x0000000088700000, 0x0000000088800000|  0%| F|  |TAMS 0x0000000088700000, 0x0000000088700000| Untracked 
|  96|0x0000000088800000, 0x0000000088800000, 0x0000000088900000|  0%| F|  |TAMS 0x0000000088800000, 0x0000000088800000| Untracked 
|  97|0x0000000088900000, 0x0000000088900000, 0x0000000088a00000|  0%| F|  |TAMS 0x0000000088900000, 0x0000000088900000| Untracked 
|  98|0x0000000088a00000, 0x0000000088a00000, 0x0000000088b00000|  0%| F|  |TAMS 0x0000000088a00000, 0x0000000088a00000| Untracked 
|  99|0x0000000088b00000, 0x0000000088b00000, 0x0000000088c00000|  0%| F|  |TAMS 0x0000000088b00000, 0x0000000088b00000| Untracked 
| 100|0x0000000088c00000, 0x0000000088c00000, 0x0000000088d00000|  0%| F|  |TAMS 0x0000000088c00000, 0x0000000088c00000| Untracked 
| 101|0x0000000088d00000, 0x0000000088d00000, 0x0000000088e00000|  0%| F|  |TAMS 0x0000000088d00000, 0x0000000088d00000| Untracked 
| 102|0x0000000088e00000, 0x0000000088e00000, 0x0000000088f00000|  0%| F|  |TAMS 0x0000000088e00000, 0x0000000088e00000| Untracked 
| 103|0x0000000088f00000, 0x0000000088f00000, 0x0000000089000000|  0%| F|  |TAMS 0x0000000088f00000, 0x0000000088f00000| Untracked 
| 104|0x0000000089000000, 0x0000000089000000, 0x0000000089100000|  0%| F|  |TAMS 0x0000000089000000, 0x0000000089000000| Untracked 
| 105|0x0000000089100000, 0x0000000089100000, 0x0000000089200000|  0%| F|  |TAMS 0x0000000089100000, 0x0000000089100000| Untracked 
| 106|0x0000000089200000, 0x0000000089200000, 0x0000000089300000|  0%| F|  |TAMS 0x0000000089200000, 0x0000000089200000| Untracked 
| 107|0x0000000089300000, 0x0000000089300000, 0x0000000089400000|  0%| F|  |TAMS 0x0000000089300000, 0x0000000089300000| Untracked 
| 108|0x0000000089400000, 0x0000000089400000, 0x0000000089500000|  0%| F|  |TAMS 0x0000000089400000, 0x0000000089400000| Untracked 
| 109|0x0000000089500000, 0x0000000089500000, 0x0000000089600000|  0%| F|  |TAMS 0x0000000089500000, 0x0000000089500000| Untracked 
| 110|0x0000000089600000, 0x0000000089600000, 0x0000000089700000|  0%| F|  |TAMS 0x0000000089600000, 0x0000000089600000| Untracked 
| 111|0x0000000089700000, 0x0000000089700000, 0x0000000089800000|  0%| F|  |TAMS 0x0000000089700000, 0x0000000089700000| Untracked 
| 112|0x0000000089800000, 0x0000000089800000, 0x0000000089900000|  0%| F|  |TAMS 0x0000000089800000, 0x0000000089800000| Untracked 
| 113|0x0000000089900000, 0x0000000089976468, 0x0000000089a00000| 46%| E|  |TAMS 0x0000000089900000, 0x0000000089900000| Complete 
| 114|0x0000000089a00000, 0x0000000089b00000, 0x0000000089b00000|100%| E|CS|TAMS 0x0000000089a00000, 0x0000000089a00000| Complete 
| 115|0x0000000089b00000, 0x0000000089c00000, 0x0000000089c00000|100%| E|CS|TAMS 0x0000000089b00000, 0x0000000089b00000| Complete 
| 116|0x0000000089c00000, 0x0000000089d00000, 0x0000000089d00000|100%| E|CS|TAMS 0x0000000089c00000, 0x0000000089c00000| Complete 
| 117|0x0000000089d00000, 0x0000000089e00000, 0x0000000089e00000|100%| E|CS|TAMS 0x0000000089d00000, 0x0000000089d00000| Complete 
| 118|0x0000000089e00000, 0x0000000089f00000, 0x0000000089f00000|100%| E|CS|TAMS 0x0000000089e00000, 0x0000000089e00000| Complete 
| 119|0x0000000089f00000, 0x000000008a000000, 0x000000008a000000|100%| E|CS|TAMS 0x0000000089f00000, 0x0000000089f00000| Complete 
| 120|0x000000008a000000, 0x000000008a100000, 0x000000008a100000|100%| E|CS|TAMS 0x000000008a000000, 0x000000008a000000| Complete 
| 121|0x000000008a100000, 0x000000008a200000, 0x000000008a200000|100%| E|CS|TAMS 0x000000008a100000, 0x000000008a100000| Complete 
| 122|0x000000008a200000, 0x000000008a300000, 0x000000008a300000|100%| E|CS|TAMS 0x000000008a200000, 0x000000008a200000| Complete 
| 123|0x000000008a300000, 0x000000008a400000, 0x000000008a400000|100%| E|  |TAMS 0x000000008a300000, 0x000000008a300000| Complete 
| 124|0x000000008a400000, 0x000000008a500000, 0x000000008a500000|100%| E|CS|TAMS 0x000000008a400000, 0x000000008a400000| Complete 
| 125|0x000000008a500000, 0x000000008a600000, 0x000000008a600000|100%| E|CS|TAMS 0x000000008a500000, 0x000000008a500000| Complete 

Card table byte_map: [0x000001cacc9d0000,0x000001caccdc0000] _byte_map_base: 0x000001cacc5bc000

Marking Bits (Prev, Next): (CMBitMap*) 0x000001cac1c93de0, (CMBitMap*) 0x000001cac1c93e20
 Prev Bits: [0x000001cacd1b0000, 0x000001cacf110000)
 Next Bits: [0x000001cacf110000, 0x000001cad1070000)

Polling page: 0x000001cabfbc0000

Metaspace:

Usage:
  Non-class:      3.37 MB used.
      Class:    479.85 KB used.
       Both:      3.84 MB used.

Virtual space:
  Non-class space:       64.00 MB reserved,       3.44 MB (  5%) committed,  1 nodes.
      Class space:        1.00 GB reserved,     512.00 KB ( <1%) committed,  1 nodes.
             Both:        1.06 GB reserved,       3.94 MB ( <1%) committed. 

Chunk freelists:
   Non-Class:  11.92 MB
       Class:  15.51 MB
        Both:  27.43 MB

MaxMetaspaceSize: unlimited
CompressedClassSpaceSize: 1.00 GB
Initial GC threshold: 21.00 MB
Current GC threshold: 21.00 MB
CDS: on
MetaspaceReclaimPolicy: balanced
 - commit_granule_bytes: 65536.
 - commit_granule_words: 8192.
 - virtual_space_node_default_size: 8388608.
 - enlarge_chunks_in_place: 1.
 - new_chunks_are_fully_committed: 0.
 - uncommit_free_chunks: 1.
 - use_allocation_guard: 0.
 - handle_deallocations: 1.


Internal statistics:

num_allocs_failed_limit: 0.
num_arena_births: 74.
num_arena_deaths: 0.
num_vsnodes_births: 2.
num_vsnodes_deaths: 0.
num_space_committed: 63.
num_space_uncommitted: 0.
num_chunks_returned_to_freelist: 0.
num_chunks_taken_from_freelist: 87.
num_chunk_merges: 0.
num_chunk_splits: 55.
num_chunks_enlarged: 28.
num_purges: 0.
num_inconsistent_stats: 0.

CodeCache: size=49152Kb used=3316Kb max_used=3316Kb free=45835Kb
 bounds [0x000001cac94d0000, 0x000001cac9810000, 0x000001cacc4d0000]
 total_blobs=1261 nmethods=830 adapters=357
 compilation: enabled
              stopped_count=0, restarted_count=0
 full_count=0

Compilation events (20 events):
Event: 0.416 Thread 0x000001cad3a65b00 nmethod 785 0x000001cac97fa910 code [0x000001cac97faaa0, 0x000001cac97faba8]
Event: 0.416 Thread 0x000001cad3a65b00  781       1       sun.nio.fs.WindowsPath::toString (5 bytes)
Event: 0.416 Thread 0x000001cb190aa260 nmethod 786 0x000001cac97fac90 code [0x000001cac97fae20, 0x000001cac97faf08]
Event: 0.416 Thread 0x000001cad3a65b00 nmethod 781 0x000001cac97faf90 code [0x000001cac97fb120, 0x000001cac97fb1f8]
Event: 0.416 Thread 0x000001cb190aa260  782       1       java.nio.file.Files$AcceptAllFilter::accept (2 bytes)
Event: 0.416 Thread 0x000001cad3a65b00  787       1       sun.nio.fs.WindowsPathParser::parse (384 bytes)
Event: 0.416 Thread 0x000001cb190aa260 nmethod 782 0x000001cac97fb710 code [0x000001cac97fb8a0, 0x000001cac97fb978]
Event: 0.416 Thread 0x000001cb190aa260  788       1       sun.nio.fs.WindowsPathParser$Result::<init> (20 bytes)
Event: 0.416 Thread 0x000001cb190aa260 nmethod 788 0x000001cac97fba10 code [0x000001cac97fbba0, 0x000001cac97fbd78]
Event: 0.416 Thread 0x000001cb190aa260  792   !   1       sun.nio.fs.WindowsDirectoryStream$WindowsDirectoryIterator::readNextEntry (192 bytes)
Event: 0.417 Thread 0x000001cb190aa260 nmethod 792 0x000001cac97fbe10 code [0x000001cac97fc060, 0x000001cac97fc698]
Event: 0.417 Thread 0x000001cb190aa260  796       1       java.lang.String::getBytes (15 bytes)
Event: 0.417 Thread 0x000001cb190aa260 nmethod 796 0x000001cac97fcc10 code [0x000001cac97fcdc0, 0x000001cac97fced8]
Event: 0.417 Thread 0x000001cb190aa260  797       1       java.lang.String::encodeUTF8 (141 bytes)
Event: 0.417 Thread 0x000001cb190aa260 nmethod 797 0x000001cac97fcf90 code [0x000001cac97fd180, 0x000001cac97fd728]
Event: 0.417 Thread 0x000001cb190aa260  791  s    1       sun.nio.fs.WindowsDirectoryStream$WindowsDirectoryIterator::hasNext (35 bytes)
Event: 0.417 Thread 0x000001cb190aa260 nmethod 791 0x000001cac97fd990 code [0x000001cac97fdb40, 0x000001cac97fdd68]
Event: 0.417 Thread 0x000001cb190aa260  793       1       sun.nio.fs.WindowsFileAttributes::fromFindData (127 bytes)
Event: 0.418 Thread 0x000001cb190aa260 nmethod 793 0x000001cac97fde10 code [0x000001cac97fdfc0, 0x000001cac97fe248]
Event: 0.418 Thread 0x000001cb190aa260  794   !   1       sun.nio.fs.WindowsDirectoryStream$WindowsDirectoryIterator::acceptEntry (71 bytes)

GC Heap History (0 events):
No events

Deoptimization events (0 events):
No events

Classes unloaded (0 events):
No events

Classes redefined (0 events):
No events

Internal exceptions (8 events):
Event: 0.232 Thread 0x000001cb193f6f10 Exception <a 'java/lang/NoSuchMethodError'{0x0000000089d044d8}: 'java.lang.Object java.lang.invoke.DirectMethodHandle$Holder.invokeStaticInit(java.lang.Object)'> (0x0000000089d044d8) 
thrown [s\open\src\hotspot\share\interpreter\linkResolver.cpp, line 759]
Event: 0.239 Thread 0x000001cb193f6f10 Exception <a 'java/lang/NoSuchMethodError'{0x0000000089d122a0}: 'void java.lang.invoke.DirectMethodHandle$Holder.invokeStatic(java.lang.Object, java.lang.Object)'> (0x0000000089d122a0) 
thrown [s\open\src\hotspot\share\interpreter\linkResolver.cpp, line 759]
Event: 0.266 Thread 0x000001cac1c39a60 Exception <a 'java/lang/NoSuchMethodError'{0x0000000089da5bf8}: 'int java.lang.invoke.DirectMethodHandle$Holder.invokeInterface(java.lang.Object, java.lang.Object)'> (0x0000000089da5bf8) 
thrown [s\open\src\hotspot\share\interpreter\linkResolver.cpp, line 759]
Event: 0.267 Thread 0x000001cac1c39a60 Exception <a 'java/lang/IncompatibleClassChangeError'{0x0000000089da91f8}: Found class java.lang.Object, but interface was expected> (0x0000000089da91f8) 
thrown [s\open\src\hotspot\share\interpreter\linkResolver.cpp, line 826]
Event: 0.311 Thread 0x000001cac1c39a60 Exception <a 'java/lang/NoSuchMethodError'{0x0000000089c74a90}: 'int java.lang.invoke.DirectMethodHandle$Holder.invokeSpecial(java.lang.Object, java.lang.Object, java.lang.Object)'> (0x0000000089c74a90) 
thrown [s\open\src\hotspot\share\interpreter\linkResolver.cpp, line 759]
Event: 0.348 Thread 0x000001cac1c39a60 Exception <a 'java/lang/NoSuchMethodError'{0x0000000089b6f590}: 'void java.lang.invoke.DirectMethodHandle$Holder.invokeStatic(java.lang.Object, java.lang.Object, java.lang.Object)'> (0x0000000089b6f590) 
thrown [s\open\src\hotspot\share\interpreter\linkResolver.cpp, line 759]
Event: 0.358 Thread 0x000001cac1c39a60 Exception <a 'java/lang/NoSuchMethodError'{0x0000000089bac240}: 'int java.lang.invoke.DirectMethodHandle$Holder.invokeSpecialIFC(java.lang.Object, java.lang.Object, java.lang.Object)'> (0x0000000089bac240) 
thrown [s\open\src\hotspot\share\interpreter\linkResolver.cpp, line 759]
Event: 0.379 Thread 0x000001cac1c39a60 Exception <a 'java/lang/NoSuchMethodError'{0x0000000089a22c30}: 'java.lang.Object java.lang.invoke.DirectMethodHandle$Holder.invokeStaticInit(java.lang.Object, int, int, int, int)'> (0x0000000089a22c30) 
thrown [s\open\src\hotspot\share\interpreter\linkResolver.cpp, line 759]

VM Operations (8 events):
Event: 0.093 Executing VM operation: HandshakeAllThreads
Event: 0.093 Executing VM operation: HandshakeAllThreads done
Event: 0.230 Executing VM operation: HandshakeAllThreads
Event: 0.230 Executing VM operation: HandshakeAllThreads done
Event: 0.271 Executing VM operation: HandshakeAllThreads
Event: 0.271 Executing VM operation: HandshakeAllThreads done
Event: 0.371 Executing VM operation: HandshakeAllThreads
Event: 0.371 Executing VM operation: HandshakeAllThreads done

Events (20 events):
Event: 0.385 loading class java/lang/constant/DynamicConstantDesc done
Event: 0.385 loading class java/lang/constant/PrimitiveClassDescImpl done
Event: 0.385 loading class java/lang/constant/DynamicConstantDesc$AnonymousDynamicConstantDesc
Event: 0.385 loading class java/lang/constant/DynamicConstantDesc$AnonymousDynamicConstantDesc done
Event: 0.394 loading class java/net/NetworkInterface$1
Event: 0.394 loading class java/net/NetworkInterface$1 done
Event: 0.413 loading class java/nio/file/Files$AcceptAllFilter
Event: 0.413 loading class java/nio/file/DirectoryStream$Filter
Event: 0.413 loading class java/nio/file/DirectoryStream$Filter done
Event: 0.413 loading class java/nio/file/Files$AcceptAllFilter done
Event: 0.413 loading class sun/nio/fs/WindowsDirectoryStream
Event: 0.413 loading class java/nio/file/DirectoryStream
Event: 0.413 loading class java/nio/file/DirectoryStream done
Event: 0.413 loading class sun/nio/fs/WindowsDirectoryStream done
Event: 0.414 loading class sun/nio/fs/WindowsDirectoryStream$WindowsDirectoryIterator
Event: 0.414 loading class sun/nio/fs/WindowsDirectoryStream$WindowsDirectoryIterator done
Event: 0.414 loading class sun/nio/fs/WindowsPath$WindowsPathWithAttributes
Event: 0.414 loading class sun/nio/fs/BasicFileAttributesHolder
Event: 0.414 loading class sun/nio/fs/BasicFileAttributesHolder done
Event: 0.414 loading class sun/nio/fs/WindowsPath$WindowsPathWithAttributes done


Dynamic libraries:
0x00007ff75f1a0000 - 0x00007ff75f1b0000 	D:\Documents\java\versions\jdk-17.0.8\bin\java.exe
0x00007ffa18510000 - 0x00007ffa18727000 	C:\WINDOWS\SYSTEM32\ntdll.dll
0x00007ffa16d90000 - 0x00007ffa16e54000 	C:\WINDOWS\System32\KERNEL32.DLL
0x00007ffa15a50000 - 0x00007ffa15df6000 	C:\WINDOWS\System32\KERNELBASE.dll
0x00007ffa15890000 - 0x00007ffa159a1000 	C:\WINDOWS\System32\ucrtbase.dll
0x00007ff9f1c70000 - 0x00007ff9f1c8b000 	D:\Documents\java\versions\jdk-17.0.8\bin\VCRUNTIME140.dll
0x00007ff9f1c90000 - 0x00007ff9f1ca9000 	D:\Documents\java\versions\jdk-17.0.8\bin\jli.dll
0x00007ffa16620000 - 0x00007ffa166d0000 	C:\WINDOWS\System32\ADVAPI32.dll
0x00007ffa17fa0000 - 0x00007ffa18047000 	C:\WINDOWS\System32\msvcrt.dll
0x00007ffa16c90000 - 0x00007ffa16d36000 	C:\WINDOWS\System32\sechost.dll
0x00007ffa16a60000 - 0x00007ffa16b77000 	C:\WINDOWS\System32\RPCRT4.dll
0x00007ffa16880000 - 0x00007ffa16a2e000 	C:\WINDOWS\System32\USER32.dll
0x00007ffa160b0000 - 0x00007ffa160d6000 	C:\WINDOWS\System32\win32u.dll
0x00007ff9fcaf0000 - 0x00007ff9fcd83000 	C:\WINDOWS\WinSxS\amd64_microsoft.windows.common-controls_6595b64144ccf1df_6.0.22621.2361_none_2712ced57382f843\COMCTL32.dll
0x00007ffa16a30000 - 0x00007ffa16a59000 	C:\WINDOWS\System32\GDI32.dll
0x00007ffa16150000 - 0x00007ffa16268000 	C:\WINDOWS\System32\gdi32full.dll
0x00007ffa159b0000 - 0x00007ffa15a4a000 	C:\WINDOWS\System32\msvcp_win.dll
0x00007ffa0d790000 - 0x00007ffa0d79a000 	C:\WINDOWS\SYSTEM32\VERSION.dll
0x00007ffa16d50000 - 0x00007ffa16d81000 	C:\WINDOWS\System32\IMM32.DLL
0x00007ffa10530000 - 0x00007ffa1053c000 	D:\Documents\java\versions\jdk-17.0.8\bin\vcruntime140_1.dll
0x00007ff9f1be0000 - 0x00007ff9f1c6e000 	D:\Documents\java\versions\jdk-17.0.8\bin\msvcp140.dll
0x00007ff9b4c40000 - 0x00007ff9b581e000 	D:\Documents\java\versions\jdk-17.0.8\bin\server\jvm.dll
0x00007ffa16b80000 - 0x00007ffa16b88000 	C:\WINDOWS\System32\PSAPI.DLL
0x00007ffa0e190000 - 0x00007ffa0e1c4000 	C:\WINDOWS\SYSTEM32\WINMM.dll
0x00007ff9fbe60000 - 0x00007ff9fbe69000 	C:\WINDOWS\SYSTEM32\WSOCK32.dll
0x00007ffa17280000 - 0x00007ffa172f1000 	C:\WINDOWS\System32\WS2_32.dll
0x00007ffa14920000 - 0x00007ffa14938000 	C:\WINDOWS\SYSTEM32\kernel.appcore.dll
0x00007ffa0f520000 - 0x00007ffa0f52a000 	D:\Documents\java\versions\jdk-17.0.8\bin\jimage.dll
0x00007ffa13270000 - 0x00007ffa1349e000 	C:\WINDOWS\SYSTEM32\DBGHELP.DLL
0x00007ffa16290000 - 0x00007ffa1661a000 	C:\WINDOWS\System32\combase.dll
0x00007ffa17140000 - 0x00007ffa17217000 	C:\WINDOWS\System32\OLEAUT32.dll
0x00007ff9e3100000 - 0x00007ff9e3132000 	C:\WINDOWS\SYSTEM32\dbgcore.DLL
0x00007ffa16030000 - 0x00007ffa160aa000 	C:\WINDOWS\System32\bcryptPrimitives.dll
0x00007ffa0f4f0000 - 0x00007ffa0f4fe000 	D:\Documents\java\versions\jdk-17.0.8\bin\instrument.dll
0x00007ffa0f7a0000 - 0x00007ffa0f7c5000 	D:\Documents\java\versions\jdk-17.0.8\bin\java.dll
0x00007ff9f1ad0000 - 0x00007ff9f1ba7000 	D:\Documents\java\versions\jdk-17.0.8\bin\jsvml.dll
0x00007ffa17300000 - 0x00007ffa17b58000 	C:\WINDOWS\System32\SHELL32.dll
0x00007ffa137b0000 - 0x00007ffa140a2000 	C:\WINDOWS\SYSTEM32\windows.storage.dll
0x00007ffa13670000 - 0x00007ffa137ae000 	C:\WINDOWS\SYSTEM32\wintypes.dll
0x00007ffa17da0000 - 0x00007ffa17e93000 	C:\WINDOWS\System32\SHCORE.dll
0x00007ffa16820000 - 0x00007ffa1687e000 	C:\WINDOWS\System32\shlwapi.dll
0x00007ffa157c0000 - 0x00007ffa157e6000 	C:\WINDOWS\SYSTEM32\profapi.dll
0x00007ffa0f060000 - 0x00007ffa0f078000 	D:\Documents\java\versions\jdk-17.0.8\bin\zip.dll
0x00007ffa0f4b0000 - 0x00007ffa0f4c9000 	D:\Documents\java\versions\jdk-17.0.8\bin\net.dll
0x00007ffa124c0000 - 0x00007ffa125f7000 	C:\WINDOWS\SYSTEM32\WINHTTP.dll
0x00007ffa14e20000 - 0x00007ffa14e89000 	C:\WINDOWS\system32\mswsock.dll
0x00007ffa0f080000 - 0x00007ffa0f096000 	D:\Documents\java\versions\jdk-17.0.8\bin\nio.dll
0x00007ffa0e660000 - 0x00007ffa0e67a000 	C:\Users\Oleg\AppData\Local\JetBrains\Toolbox\apps\IDEA-U\ch-0\232.9921.47\bin\breakgen64.dll
0x00007ffa143f0000 - 0x00007ffa144e9000 	C:\WINDOWS\SYSTEM32\DNSAPI.dll
0x00007ffa14380000 - 0x00007ffa143ad000 	C:\WINDOWS\SYSTEM32\IPHLPAPI.DLL
0x00007ffa16c30000 - 0x00007ffa16c39000 	C:\WINDOWS\System32\NSI.dll
0x0000000058630000 - 0x0000000058656000 	C:\Program Files\Bonjour\mdnsNSP.dll
0x00007ffa0d300000 - 0x00007ffa0d30a000 	C:\Windows\System32\rasadhlp.dll
0x00007ffa0c160000 - 0x00007ffa0c1e4000 	C:\WINDOWS\System32\fwpuclnt.dll
0x00007ffa0f030000 - 0x00007ffa0f03a000 	D:\Documents\java\versions\jdk-17.0.8\bin\management.dll
0x00007ffa0efe0000 - 0x00007ffa0efeb000 	D:\Documents\java\versions\jdk-17.0.8\bin\management_ext.dll
0x00007ffa15090000 - 0x00007ffa150ab000 	C:\WINDOWS\SYSTEM32\CRYPTSP.dll
0x00007ffa148e0000 - 0x00007ffa14915000 	C:\WINDOWS\system32\rsaenh.dll
0x00007ffa14f30000 - 0x00007ffa14f5c000 	C:\WINDOWS\SYSTEM32\USERENV.dll
0x00007ffa15230000 - 0x00007ffa15258000 	C:\WINDOWS\SYSTEM32\bcrypt.dll
0x00007ffa150b0000 - 0x00007ffa150bc000 	C:\WINDOWS\SYSTEM32\CRYPTBASE.dll
0x00007ffa0d7a0000 - 0x00007ffa0d7b9000 	C:\WINDOWS\SYSTEM32\dhcpcsvc6.DLL
0x00007ffa0d5e0000 - 0x00007ffa0d5ff000 	C:\WINDOWS\SYSTEM32\dhcpcsvc.DLL
0x00007ffa04d60000 - 0x00007ffa04d77000 	C:\WINDOWS\system32\napinsp.dll
0x00007ffa04d40000 - 0x00007ffa04d5b000 	C:\WINDOWS\system32\pnrpnsp.dll
0x00007ffa04360000 - 0x00007ffa04371000 	C:\WINDOWS\System32\winrnr.dll
0x00007ff9e15b0000 - 0x00007ff9e15c5000 	C:\WINDOWS\system32\wshbth.dll
0x00007ff9e3310000 - 0x00007ff9e3331000 	C:\WINDOWS\system32\nlansp_c.dll

dbghelp: loaded successfully - version: 4.0.5 - missing functions: none
symbol engine: initialized successfully - sym options: 0x614 - pdb path: .;D:\Documents\java\versions\jdk-17.0.8\bin;C:\WINDOWS\SYSTEM32;C:\WINDOWS\WinSxS\amd64_microsoft.windows.common-controls_6595b64144ccf1df_6.0.22621.2361_none_2712ced57382f843;D:\Documents\java\versions\jdk-17.0.8\bin\server;C:\Users\Oleg\AppData\Local\JetBrains\Toolbox\apps\IDEA-U\ch-0\232.9921.47\bin;C:\Program Files\Bonjour

VM Arguments:
jvm_args: -XX:TieredStopAtLevel=1 -Dspring.output.ansi.enabled=always -Dcom.sun.management.jmxremote -Dspring.jmx.enabled=true -Dspring.liveBeansView.mbeanDomain -Dspring.application.admin.enabled=true -Dmanagement.endpoints.jmx.exposure.include=* -javaagent:C:\Users\Oleg\AppData\Local\JetBrains\Toolbox\apps\IDEA-U\ch-0\232.9921.47\lib\idea_rt.jar=55539:C:\Users\Oleg\AppData\Local\JetBrains\Toolbox\apps\IDEA-U\ch-0\232.9921.47\bin -Dfile.encoding=UTF-8 
java_command: ru.ryazancev.parkingreservationsystem.ParkingReservationSystemApplication
java_class_path (initial): D:\Documents\java\003-projects\000-pet_projects\parking-reservation-system\target\classes;C:\Users\Oleg\.m2\repository\org\springframework\boot\spring-boot-starter-data-jdbc\3.1.4\spring-boot-starter-data-jdbc-3.1.4.jar;C:\Users\Oleg\.m2\repository\org\springframework\boot\spring-boot-starter-jdbc\3.1.4\spring-boot-starter-jdbc-3.1.4.jar;C:\Users\Oleg\.m2\repository\com\zaxxer\HikariCP\5.0.1\HikariCP-5.0.1.jar;C:\Users\Oleg\.m2\repository\org\springframework\spring-jdbc\6.0.12\spring-jdbc-6.0.12.jar;C:\Users\Oleg\.m2\repository\org\springframework\data\spring-data-jdbc\3.1.4\spring-data-jdbc-3.1.4.jar;C:\Users\Oleg\.m2\repository\org\springframework\data\spring-data-relational\3.1.4\spring-data-relational-3.1.4.jar;C:\Users\Oleg\.m2\repository\org\springframework\data\spring-data-commons\3.1.4\spring-data-commons-3.1.4.jar;C:\Users\Oleg\.m2\repository\org\springframework\spring-tx\6.0.12\spring-tx-6.0.12.jar;C:\Users\Oleg\.m2\repository\org\springframework\spring-context\6.0.12\spring-context-6.0.12.jar;C:\Users\Oleg\.m2\repository\org\springframework\spring-beans\6.0.12\spring-beans-6.0.12.jar;C:\Users\Oleg\.m2\repository\org\springframework\spring-core\6.0.12\spring-core-6.0.12.jar;C:\Users\Oleg\.m2\repository\org\springframework\spring-jcl\6.0.12\spring-jcl-6.0.12.jar;C:\Users\Oleg\.m2\repository\org\slf4j\slf4j-api\2.0.9\slf4j-api-2.0.9.jar;C:\Users\Oleg\.m2\repository\org\springframework\boot\spring-boot-starter-data-jpa\3.1.4\spring-boot-starter-data-jpa-3.1.4.jar;C:\Users\Oleg\.m2\repository\org\springframework\boot\spring-boot-starter-aop\3.1.4\spring-boot-starter-aop-3.1.4.jar;C:\Users\Oleg\.m2\repository\org\springframework\spring-aop\6.0.12\spring-aop-6.0.12.jar;C:\Users\Oleg\.m2\repository\org\aspectj\aspectjweaver\1.9.20\aspectjweaver-1.9.20.jar;C:\Users\Oleg\.m2\repository\org\hibernate\orm\hibernate-core\6.2.9.Final\hibernate-core-6.2.9.Final.jar;C:\Users\Oleg\.m2\repository\jakarta\persistence\jakarta.persistence-api\3.1.
Launcher Type: SUN_STANDARD

[Global flags]
     intx CICompilerCount                          = 4                                         {product} {ergonomic}
     uint ConcGCThreads                            = 2                                         {product} {ergonomic}
     uint G1ConcRefinementThreads                  = 8                                         {product} {ergonomic}
   size_t G1HeapRegionSize                         = 1048576                                   {product} {ergonomic}
    uintx GCDrainStackTargetSize                   = 64                                        {product} {ergonomic}
   size_t InitialHeapSize                          = 132120576                                 {product} {ergonomic}
     bool ManagementServer                         = true                                      {product} {command line}
   size_t MarkStackSize                            = 4194304                                   {product} {ergonomic}
   size_t MaxHeapSize                              = 2105540608                                {product} {ergonomic}
   size_t MaxNewSize                               = 1262485504                                {product} {ergonomic}
   size_t MinHeapDeltaBytes                        = 1048576                                   {product} {ergonomic}
   size_t MinHeapSize                              = 8388608                                   {product} {ergonomic}
    uintx NonProfiledCodeHeapSize                  = 0                                      {pd product} {ergonomic}
     bool ProfileInterpreter                       = false                                  {pd product} {command line}
    uintx ProfiledCodeHeapSize                     = 0                                      {pd product} {ergonomic}
   size_t SoftMaxHeapSize                          = 2105540608                             {manageable} {ergonomic}
     intx TieredStopAtLevel                        = 1                                         {product} {command line}
     bool UseCompressedClassPointers               = true                           {product lp64_product} {ergonomic}
     bool UseCompressedOops                        = true                           {product lp64_product} {ergonomic}
     bool UseG1GC                                  = true                                      {product} {ergonomic}
     bool UseLargePagesIndividualAllocation        = false                                  {pd product} {ergonomic}

Logging:
Log output configuration:
 #0: stdout all=warning uptime,level,tags
 #1: stderr all=off uptime,level,tags

Environment Variables:
JAVA_HOME=D:\Documents\java\versions\jdk20
PATH=C:\Program Files (x86)\Common Files\Intel\Shared Libraries\redist\intel64\compiler;C:\WINDOWS\system32;C:\WINDOWS;C:\WINDOWS\System32\Wbem;C:\WINDOWS\System32\WindowsPowerShell\v1.0\;C:\WINDOWS\System32\OpenSSH\;C:\Program Files\Microsoft SQL Server\Client SDK\ODBC\110\Tools\Binn\;C:\Program Files (x86)\Microsoft SQL Server\120\Tools\Binn\;C:\Program Files\Microsoft SQL Server\120\Tools\Binn\;C:\Program Files\Microsoft SQL Server\120\DTS\Binn\;C:\Program Files (x86)\Windows Kits\8.1\Windows Performance Toolkit\;C:\Program Files\Microsoft SQL Server\150\Tools\Binn\;C:\Program Files\Microsoft SQL Server\Client SDK\ODBC\170\Tools\Binn\;D:\Documents\java\versions\jdk20\bin;D:\Documents\java\001-java_libraries\maven\apache-maven-3.9.4\bin;D:\Documents\java\001-java_libraries\gradle\gradle-8.3\bin;D:\Documents\java\versions\jdk20\bin;D:\Programs\Git\cmd;C:\Program Files\Docker\Docker\resources\bin;C:\Users\Юыху\AppData\Local\Microsoft\WindowsApps;C:\Users\Юыху\.dotnet\tools;D:\IntelliJ IDEA Community Edition 2023.1\bin;C:\Users\Oleg\AppData\Local\JetBrains\Toolbox\scripts;C:\Users\Oleg\yandex-cloud\bin;D:\Programs\Microsoft VS Code\bin;
USERNAME=Oleg
OS=Windows_NT
PROCESSOR_IDENTIFIER=Intel64 Family 6 Model 142 Stepping 12, GenuineIntel



---------------  S Y S T E M  ---------------

OS:
 Windows 11 , 64 bit Build 22621 (10.0.22621.2361)
OS uptime: 0 days 5:04 hours
Hyper-V role detected

CPU: total 8 (initial active 8) (4 cores per cpu, 2 threads per core) family 6 model 142 stepping 12 microcode 0xde, cx8, cmov, fxsr, ht, mmx, 3dnowpref, sse, sse2, sse3, ssse3, sse4.1, sse4.2, popcnt, lzcnt, tsc, tscinvbit, avx, avx2, aes, erms, clmul, bmi1, bmi2, adx, fma, vzeroupper, clflush, clflushopt, hv

Memory: 4k page, system-wide physical 8025M (545M free)
TotalPageFile size 10041M (AvailPageFile size 4M)
current process WorkingSet (physical memory assigned to process): 55M, peak: 55M
current process commit charge ("private bytes"): 214M, peak: 214M

vm_info: Java HotSpot(TM) 64-Bit Server VM (17.0.8+9-LTS-211) for windows-amd64 JRE (17.0.8+9-LTS-211), built on Jun 14 2023 10:34:31 by "mach5one" with MS VC++ 17.1 (VS2022)

END.
