#
# There is insufficient memory for the Java Runtime Environment to continue.
# Native memory allocation (mmap) failed to map 65536 bytes for Failed to commit metaspace.
# Possible reasons:
#   The system is out of physical RAM or swap space
#   The process is running with CompressedOops enabled, and the Java Heap may be blocking the growth of the native heap
# Possible solutions:
#   Reduce memory load on the system
#   Increase physical memory or swap space
#   Check if swap backing store is full
#   Decrease Java heap size (-Xmx/-Xms)
#   Decrease number of Java threads
#   Decrease Java thread stack sizes (-Xss)
#   Set larger code cache with -XX:ReservedCodeCacheSize=
#   JVM is running with Unscaled Compressed Oops mode in which the Java heap is
#     placed in the first 4GB address space. The Java Heap base address is the
#     maximum limit for the native heap growth. Please use -XX:HeapBaseMinAddress
#     to set the Java Heap base and to place the Java Heap above 4GB virtual address.
# This output file may be truncated or incomplete.
#
#  Out of Memory Error (virtualSpaceNode.cpp:110), pid=9308, tid=7224
#
# JRE version: Java(TM) SE Runtime Environment (17.0.8+9) (build 17.0.8+9-LTS-211)
# Java VM: Java HotSpot(TM) 64-Bit Server VM (17.0.8+9-LTS-211, mixed mode, emulated-client, sharing, tiered, compressed oops, compressed class ptrs, g1 gc, windows-amd64)
# No core dump will be written. Minidumps are not enabled by default on client versions of Windows
#

---------------  S U M M A R Y ------------

Command Line: -XX:TieredStopAtLevel=1 -Dspring.output.ansi.enabled=always -Dcom.sun.management.jmxremote -Dspring.jmx.enabled=true -Dspring.liveBeansView.mbeanDomain -Dspring.application.admin.enabled=true -Dmanagement.endpoints.jmx.exposure.include=* -javaagent:C:\Users\Oleg\AppData\Local\JetBrains\Toolbox\apps\IDEA-U\ch-0\232.9921.47\lib\idea_rt.jar=54307:C:\Users\Oleg\AppData\Local\JetBrains\Toolbox\apps\IDEA-U\ch-0\232.9921.47\bin -Dfile.encoding=UTF-8 ru.ryazancev.parkingreservationsystem.ParkingReservationSystemApplication

Host: Intel(R) Core(TM) i5-10210U CPU @ 1.60GHz, 8 cores, 7G,  Windows 11 , 64 bit Build 22621 (10.0.22621.2361)
Time: Sun Oct  8 12:19:48 2023 Russia TZ 2 Standard Time elapsed time: 0.288072 seconds (0d 0h 0m 0s)

---------------  T H R E A D  ---------------

Current thread (0x0000016e636ca090):  JavaThread "main" [_thread_in_vm, id=7224, stack(0x00000045e6d00000,0x00000045e6e00000)]

Stack: [0x00000045e6d00000,0x00000045e6e00000]
Native frames: (J=compiled Java code, j=interpreted, Vv=VM code, C=native code)
V  [jvm.dll+0x677d0a]
V  [jvm.dll+0x7d8c54]
V  [jvm.dll+0x7da3fe]
V  [jvm.dll+0x7daa63]
V  [jvm.dll+0x245c5f]
V  [jvm.dll+0x7d4d5b]
V  [jvm.dll+0x61dcf6]
V  [jvm.dll+0x61dd5a]
V  [jvm.dll+0x62057d]
V  [jvm.dll+0x61e6b6]
V  [jvm.dll+0x628487]
V  [jvm.dll+0x1e9bdd]
V  [jvm.dll+0x1ea1a5]
V  [jvm.dll+0x1eaaeb]
V  [jvm.dll+0x1e02f1]
V  [jvm.dll+0x53ddbc]
V  [jvm.dll+0x1f0c0a]
V  [jvm.dll+0x752b7d]
V  [jvm.dll+0x753f76]
V  [jvm.dll+0x754705]
V  [jvm.dll+0x1eaf11]
V  [jvm.dll+0x1e030a]
V  [jvm.dll+0x53ddbc]
V  [jvm.dll+0x1f0c0a]
V  [jvm.dll+0x752b7d]
V  [jvm.dll+0x753f76]
V  [jvm.dll+0x7542a8]
V  [jvm.dll+0x23e01b]
V  [jvm.dll+0x23f6be]
V  [jvm.dll+0x23bff5]
V  [jvm.dll+0x123024]
V  [jvm.dll+0x1233ec]
V  [jvm.dll+0x751eb2]
V  [jvm.dll+0x55f1bc]
V  [jvm.dll+0x55f006]
V  [jvm.dll+0x381127]
C  0x0000016e6af7984d

Java frames: (J=compiled Java code, j=interpreted, Vv=VM code)
j  java.lang.invoke.VarHandleByteArrayAsInts$ArrayHandle.<clinit>()V+0 java.base@17.0.8
v  ~StubRoutines::call_stub
j  java.lang.invoke.VarHandles.byteArrayViewHandle(Ljava/lang/Class;Z)Ljava/lang/invoke/VarHandle;+65 java.base@17.0.8
j  java.lang.invoke.MethodHandles.byteArrayViewVarHandle(Ljava/lang/Class;Ljava/nio/ByteOrder;)Ljava/lang/invoke/VarHandle;+18 java.base@17.0.8
j  sun.security.provider.ByteArrayAccess$BE.<clinit>()V+5 java.base@17.0.8
v  ~StubRoutines::call_stub
j  sun.security.provider.ByteArrayAccess.b2iBig64([BI[I)V+2 java.base@17.0.8
j  sun.security.provider.SHA.implCompress0([BI)V+21 java.base@17.0.8
j  sun.security.provider.SHA.implCompress([BI)V+9 java.base@17.0.8
j  sun.security.provider.DigestBase.engineUpdate([BII)V+128 java.base@17.0.8
j  java.security.MessageDigest$Delegate.engineUpdate([BII)V+7 java.base@17.0.8
j  java.security.MessageDigest.update([B)V+5 java.base@17.0.8
j  sun.security.provider.SeedGenerator$1.run()Ljava/lang/Void;+41 java.base@17.0.8
j  sun.security.provider.SeedGenerator$1.run()Ljava/lang/Object;+1 java.base@17.0.8
j  java.security.AccessController.executePrivileged(Ljava/security/PrivilegedAction;Ljava/security/AccessControlContext;Ljava/lang/Class;)Ljava/lang/Object;+29 java.base@17.0.8
j  java.security.AccessController.doPrivileged(Ljava/security/PrivilegedAction;)Ljava/lang/Object;+5 java.base@17.0.8
j  sun.security.provider.SeedGenerator.getSystemEntropy()[B+40 java.base@17.0.8
j  sun.security.provider.AbstractDrbg$SeederHolder.<clinit>()V+28 java.base@17.0.8
v  ~StubRoutines::call_stub
j  sun.security.provider.AbstractDrbg.getEntropyInput(IIIZ)[B+87 java.base@17.0.8
j  sun.security.provider.AbstractDrbg.getEntropyInput(Z)[B+14 java.base@17.0.8
j  sun.security.provider.AbstractDrbg.instantiateIfNecessary([B)V+16 java.base@17.0.8
j  sun.security.provider.AbstractDrbg.engineNextBytes([BLjava/security/SecureRandomParameters;)V+162 java.base@17.0.8
j  sun.security.provider.AbstractDrbg.engineNextBytes([B)V+11 java.base@17.0.8
j  sun.security.provider.DRBG.engineNextBytes([B)V+5 java.base@17.0.8
j  java.security.SecureRandom.nextBytes([B)V+12 java.base@17.0.8
j  java.security.SecureRandom.next(I)I+17 java.base@17.0.8
j  java.util.Random.nextInt()I+3 java.base@17.0.8
j  java.rmi.server.UID.<init>()V+23 java.rmi@17.0.8
j  java.rmi.server.ObjID.<clinit>()V+14 java.rmi@17.0.8
v  ~StubRoutines::call_stub
j  sun.rmi.transport.LiveRef.<init>(ILjava/rmi/server/RMIClientSocketFactory;Ljava/rmi/server/RMIServerSocketFactory;)V+1 java.rmi@17.0.8
j  sun.rmi.server.UnicastServerRef2.<init>(ILjava/rmi/server/RMIClientSocketFactory;Ljava/rmi/server/RMIServerSocketFactory;Ljava/io/ObjectInputFilter;)V+8 java.rmi@17.0.8
j  sun.management.jmxremote.ConnectorBootstrap$PermanentExporter.exportObject(Ljava/rmi/Remote;ILjava/rmi/server/RMIClientSocketFactory;Ljava/rmi/server/RMIServerSocketFactory;Ljava/io/ObjectInputFilter;)Ljava/rmi/Remote;+72 jdk.management.agent@17.0.8
j  javax.management.remote.rmi.RMIJRMPServerImpl.export(Ljava/rmi/Remote;Ljava/io/ObjectInputFilter;)V+62 java.management.rmi@17.0.8
j  javax.management.remote.rmi.RMIJRMPServerImpl.export()V+6 java.management.rmi@17.0.8
j  javax.management.remote.rmi.RMIConnectorServer.start()V+257 java.management.rmi@17.0.8
j  sun.management.jmxremote.ConnectorBootstrap.startLocalConnectorServer()Ljavax/management/remote/JMXConnectorServer;+290 jdk.management.agent@17.0.8
j  jdk.internal.agent.Agent.startLocalManagementAgent()V+13 jdk.management.agent@17.0.8
j  jdk.internal.agent.Agent.startAgent(Ljava/util/Properties;)V+58 jdk.management.agent@17.0.8
j  jdk.internal.agent.Agent.startAgent()V+20 jdk.management.agent@17.0.8
v  ~StubRoutines::call_stub

---------------  P R O C E S S  ---------------

Threads class SMR info:
_java_thread_list=0x0000016e7a1afc40, length=16, elements={
0x0000016e636ca090, 0x0000016e75593d00, 0x0000016e75594b70, 0x0000016e755a98c0,
0x0000016e755aa470, 0x0000016e755ace30, 0x0000016e755adff0, 0x0000016e755b0a60,
0x0000016e755c21b0, 0x0000016e6378dc20, 0x0000016e757c1e00, 0x0000016e757c2310,
0x0000016e7a064640, 0x0000016e75b2e2c0, 0x0000016e7a1b99a0, 0x0000016e7a1ba2f0
}

Java Threads: ( => current thread )
=>0x0000016e636ca090 JavaThread "main" [_thread_in_vm, id=7224, stack(0x00000045e6d00000,0x00000045e6e00000)]
  0x0000016e75593d00 JavaThread "Reference Handler" daemon [_thread_blocked, id=5880, stack(0x00000045e7400000,0x00000045e7500000)]
  0x0000016e75594b70 JavaThread "Finalizer" daemon [_thread_blocked, id=12512, stack(0x00000045e7500000,0x00000045e7600000)]
  0x0000016e755a98c0 JavaThread "Signal Dispatcher" daemon [_thread_blocked, id=7740, stack(0x00000045e7600000,0x00000045e7700000)]
  0x0000016e755aa470 JavaThread "Attach Listener" daemon [_thread_blocked, id=1296, stack(0x00000045e7700000,0x00000045e7800000)]
  0x0000016e755ace30 JavaThread "Service Thread" daemon [_thread_blocked, id=5980, stack(0x00000045e7800000,0x00000045e7900000)]
  0x0000016e755adff0 JavaThread "Monitor Deflation Thread" daemon [_thread_blocked, id=2588, stack(0x00000045e7900000,0x00000045e7a00000)]
  0x0000016e755b0a60 JavaThread "C1 CompilerThread0" daemon [_thread_blocked, id=12484, stack(0x00000045e7a00000,0x00000045e7b00000)]
  0x0000016e755c21b0 JavaThread "Sweeper thread" daemon [_thread_blocked, id=4568, stack(0x00000045e7b00000,0x00000045e7c00000)]
  0x0000016e6378dc20 JavaThread "Common-Cleaner" daemon [_thread_blocked, id=2408, stack(0x00000045e7c00000,0x00000045e7d00000)]
  0x0000016e757c1e00 JavaThread "C1 CompilerThread1" daemon [_thread_blocked, id=12708, stack(0x00000045e7d00000,0x00000045e7e00000)]
  0x0000016e757c2310 JavaThread "C1 CompilerThread2" daemon [_thread_blocked, id=5456, stack(0x00000045e7e00000,0x00000045e7f00000)]
  0x0000016e7a064640 JavaThread "Monitor Ctrl-Break" daemon [_thread_in_native, id=10704, stack(0x00000045e7f00000,0x00000045e8000000)]
  0x0000016e75b2e2c0 JavaThread "Notification Thread" daemon [_thread_blocked, id=11752, stack(0x00000045e8000000,0x00000045e8100000)]
  0x0000016e7a1b99a0 JavaThread "SeedGenerator Thread" daemon [_thread_in_Java, id=7104, stack(0x00000045e8100000,0x00000045e8200000)]
  0x0000016e7a1ba2f0 JavaThread "SeedGenerator Thread" daemon [_thread_blocked, id=12804, stack(0x00000045e8200000,0x00000045e8300000)]

Other Threads:
  0x0000016e7558dd00 VMThread "VM Thread" [stack: 0x00000045e7300000,0x00000045e7400000] [id=4240]
  0x0000016e63727990 GCTaskThread "GC Thread#0" [stack: 0x00000045e6e00000,0x00000045e6f00000] [id=5976]
  0x0000016e637383d0 ConcurrentGCThread "G1 Main Marker" [stack: 0x00000045e6f00000,0x00000045e7000000] [id=6960]
  0x0000016e63739df0 ConcurrentGCThread "G1 Conc#0" [stack: 0x00000045e7000000,0x00000045e7100000] [id=3244]
  0x0000016e75453500 ConcurrentGCThread "G1 Refine#0" [stack: 0x00000045e7100000,0x00000045e7200000] [id=6296]
  0x0000016e75453f20 ConcurrentGCThread "G1 Service" [stack: 0x00000045e7200000,0x00000045e7300000] [id=6016]

Threads with active compile tasks:

VM state: not at safepoint (normal execution)

VM Mutex/Monitor currently owned by a thread:  ([mutex/lock_event])
[0x0000016e636c51a0] Metaspace_lock - owner thread: 0x0000016e636ca090

Heap address: 0x0000000082800000, size: 2008 MB, Compressed Oops mode: 32-bit

CDS archive(s) mapped at: [0x0000016e00000000-0x0000016e00bd0000-0x0000016e00bd0000), size 12386304, SharedBaseAddress: 0x0000016e00000000, ArchiveRelocationMode: 1.
Compressed class space mapped at: 0x0000016e01000000-0x0000016e41000000, reserved size: 1073741824
Narrow klass base: 0x0000016e00000000, Narrow klass shift: 0, Narrow klass range: 0x100000000

GC Precious Log:
 CPUs: 8 total, 8 available
 Memory: 8025M
 Large Page Support: Disabled
 NUMA Support: Disabled
 Compressed Oops: Enabled (32-bit)
 Heap Region Size: 1M
 Heap Min Capacity: 8M
 Heap Initial Capacity: 126M
 Heap Max Capacity: 2008M
 Pre-touch: Disabled
 Parallel Workers: 8
 Concurrent Workers: 2
 Concurrent Refinement Workers: 8
 Periodic GC: Disabled

Heap:
 garbage-first heap   total 129024K, used 11264K [0x0000000082800000, 0x0000000100000000)
  region size 1024K, 12 young (12288K), 0 survivors (0K)
 Metaspace       used 3559K, committed 3712K, reserved 1114112K
  class space    used 430K, committed 512K, reserved 1048576K

Heap Regions: E=young(eden), S=young(survivor), O=old, HS=humongous(starts), HC=humongous(continues), CS=collection set, F=free, OA=open archive, CA=closed archive, TAMS=top-at-mark-start (previous, next)
|   0|0x0000000082800000, 0x0000000082900000, 0x0000000082900000|100%|HS|  |TAMS 0x0000000082800000, 0x0000000082800000| Complete 
|   1|0x0000000082900000, 0x0000000082900000, 0x0000000082a00000|  0%| F|  |TAMS 0x0000000082900000, 0x0000000082900000| Untracked 
|   2|0x0000000082a00000, 0x0000000082a00000, 0x0000000082b00000|  0%| F|  |TAMS 0x0000000082a00000, 0x0000000082a00000| Untracked 
|   3|0x0000000082b00000, 0x0000000082b00000, 0x0000000082c00000|  0%| F|  |TAMS 0x0000000082b00000, 0x0000000082b00000| Untracked 
|   4|0x0000000082c00000, 0x0000000082c00000, 0x0000000082d00000|  0%| F|  |TAMS 0x0000000082c00000, 0x0000000082c00000| Untracked 
|   5|0x0000000082d00000, 0x0000000082d00000, 0x0000000082e00000|  0%| F|  |TAMS 0x0000000082d00000, 0x0000000082d00000| Untracked 
|   6|0x0000000082e00000, 0x0000000082e00000, 0x0000000082f00000|  0%| F|  |TAMS 0x0000000082e00000, 0x0000000082e00000| Untracked 
|   7|0x0000000082f00000, 0x0000000082f00000, 0x0000000083000000|  0%| F|  |TAMS 0x0000000082f00000, 0x0000000082f00000| Untracked 
|   8|0x0000000083000000, 0x0000000083000000, 0x0000000083100000|  0%| F|  |TAMS 0x0000000083000000, 0x0000000083000000| Untracked 
|   9|0x0000000083100000, 0x0000000083100000, 0x0000000083200000|  0%| F|  |TAMS 0x0000000083100000, 0x0000000083100000| Untracked 
|  10|0x0000000083200000, 0x0000000083200000, 0x0000000083300000|  0%| F|  |TAMS 0x0000000083200000, 0x0000000083200000| Untracked 
|  11|0x0000000083300000, 0x0000000083300000, 0x0000000083400000|  0%| F|  |TAMS 0x0000000083300000, 0x0000000083300000| Untracked 
|  12|0x0000000083400000, 0x0000000083400000, 0x0000000083500000|  0%| F|  |TAMS 0x0000000083400000, 0x0000000083400000| Untracked 
|  13|0x0000000083500000, 0x0000000083500000, 0x0000000083600000|  0%| F|  |TAMS 0x0000000083500000, 0x0000000083500000| Untracked 
|  14|0x0000000083600000, 0x0000000083600000, 0x0000000083700000|  0%| F|  |TAMS 0x0000000083600000, 0x0000000083600000| Untracked 
|  15|0x0000000083700000, 0x0000000083700000, 0x0000000083800000|  0%| F|  |TAMS 0x0000000083700000, 0x0000000083700000| Untracked 
|  16|0x0000000083800000, 0x0000000083800000, 0x0000000083900000|  0%| F|  |TAMS 0x0000000083800000, 0x0000000083800000| Untracked 
|  17|0x0000000083900000, 0x0000000083900000, 0x0000000083a00000|  0%| F|  |TAMS 0x0000000083900000, 0x0000000083900000| Untracked 
|  18|0x0000000083a00000, 0x0000000083a00000, 0x0000000083b00000|  0%| F|  |TAMS 0x0000000083a00000, 0x0000000083a00000| Untracked 
|  19|0x0000000083b00000, 0x0000000083b00000, 0x0000000083c00000|  0%| F|  |TAMS 0x0000000083b00000, 0x0000000083b00000| Untracked 
|  20|0x0000000083c00000, 0x0000000083c00000, 0x0000000083d00000|  0%| F|  |TAMS 0x0000000083c00000, 0x0000000083c00000| Untracked 
|  21|0x0000000083d00000, 0x0000000083d00000, 0x0000000083e00000|  0%| F|  |TAMS 0x0000000083d00000, 0x0000000083d00000| Untracked 
|  22|0x0000000083e00000, 0x0000000083e00000, 0x0000000083f00000|  0%| F|  |TAMS 0x0000000083e00000, 0x0000000083e00000| Untracked 
|  23|0x0000000083f00000, 0x0000000083f00000, 0x0000000084000000|  0%| F|  |TAMS 0x0000000083f00000, 0x0000000083f00000| Untracked 
|  24|0x0000000084000000, 0x0000000084000000, 0x0000000084100000|  0%| F|  |TAMS 0x0000000084000000, 0x0000000084000000| Untracked 
|  25|0x0000000084100000, 0x0000000084100000, 0x0000000084200000|  0%| F|  |TAMS 0x0000000084100000, 0x0000000084100000| Untracked 
|  26|0x0000000084200000, 0x0000000084200000, 0x0000000084300000|  0%| F|  |TAMS 0x0000000084200000, 0x0000000084200000| Untracked 
|  27|0x0000000084300000, 0x0000000084300000, 0x0000000084400000|  0%| F|  |TAMS 0x0000000084300000, 0x0000000084300000| Untracked 
|  28|0x0000000084400000, 0x0000000084400000, 0x0000000084500000|  0%| F|  |TAMS 0x0000000084400000, 0x0000000084400000| Untracked 
|  29|0x0000000084500000, 0x0000000084500000, 0x0000000084600000|  0%| F|  |TAMS 0x0000000084500000, 0x0000000084500000| Untracked 
|  30|0x0000000084600000, 0x0000000084600000, 0x0000000084700000|  0%| F|  |TAMS 0x0000000084600000, 0x0000000084600000| Untracked 
|  31|0x0000000084700000, 0x0000000084700000, 0x0000000084800000|  0%| F|  |TAMS 0x0000000084700000, 0x0000000084700000| Untracked 
|  32|0x0000000084800000, 0x0000000084800000, 0x0000000084900000|  0%| F|  |TAMS 0x0000000084800000, 0x0000000084800000| Untracked 
|  33|0x0000000084900000, 0x0000000084900000, 0x0000000084a00000|  0%| F|  |TAMS 0x0000000084900000, 0x0000000084900000| Untracked 
|  34|0x0000000084a00000, 0x0000000084a00000, 0x0000000084b00000|  0%| F|  |TAMS 0x0000000084a00000, 0x0000000084a00000| Untracked 
|  35|0x0000000084b00000, 0x0000000084b00000, 0x0000000084c00000|  0%| F|  |TAMS 0x0000000084b00000, 0x0000000084b00000| Untracked 
|  36|0x0000000084c00000, 0x0000000084c00000, 0x0000000084d00000|  0%| F|  |TAMS 0x0000000084c00000, 0x0000000084c00000| Untracked 
|  37|0x0000000084d00000, 0x0000000084d00000, 0x0000000084e00000|  0%| F|  |TAMS 0x0000000084d00000, 0x0000000084d00000| Untracked 
|  38|0x0000000084e00000, 0x0000000084e00000, 0x0000000084f00000|  0%| F|  |TAMS 0x0000000084e00000, 0x0000000084e00000| Untracked 
|  39|0x0000000084f00000, 0x0000000084f00000, 0x0000000085000000|  0%| F|  |TAMS 0x0000000084f00000, 0x0000000084f00000| Untracked 
|  40|0x0000000085000000, 0x0000000085000000, 0x0000000085100000|  0%| F|  |TAMS 0x0000000085000000, 0x0000000085000000| Untracked 
|  41|0x0000000085100000, 0x0000000085100000, 0x0000000085200000|  0%| F|  |TAMS 0x0000000085100000, 0x0000000085100000| Untracked 
|  42|0x0000000085200000, 0x0000000085200000, 0x0000000085300000|  0%| F|  |TAMS 0x0000000085200000, 0x0000000085200000| Untracked 
|  43|0x0000000085300000, 0x0000000085300000, 0x0000000085400000|  0%| F|  |TAMS 0x0000000085300000, 0x0000000085300000| Untracked 
|  44|0x0000000085400000, 0x0000000085400000, 0x0000000085500000|  0%| F|  |TAMS 0x0000000085400000, 0x0000000085400000| Untracked 
|  45|0x0000000085500000, 0x0000000085500000, 0x0000000085600000|  0%| F|  |TAMS 0x0000000085500000, 0x0000000085500000| Untracked 
|  46|0x0000000085600000, 0x0000000085600000, 0x0000000085700000|  0%| F|  |TAMS 0x0000000085600000, 0x0000000085600000| Untracked 
|  47|0x0000000085700000, 0x0000000085700000, 0x0000000085800000|  0%| F|  |TAMS 0x0000000085700000, 0x0000000085700000| Untracked 
|  48|0x0000000085800000, 0x0000000085800000, 0x0000000085900000|  0%| F|  |TAMS 0x0000000085800000, 0x0000000085800000| Untracked 
|  49|0x0000000085900000, 0x0000000085900000, 0x0000000085a00000|  0%| F|  |TAMS 0x0000000085900000, 0x0000000085900000| Untracked 
|  50|0x0000000085a00000, 0x0000000085a00000, 0x0000000085b00000|  0%| F|  |TAMS 0x0000000085a00000, 0x0000000085a00000| Untracked 
|  51|0x0000000085b00000, 0x0000000085b00000, 0x0000000085c00000|  0%| F|  |TAMS 0x0000000085b00000, 0x0000000085b00000| Untracked 
|  52|0x0000000085c00000, 0x0000000085c00000, 0x0000000085d00000|  0%| F|  |TAMS 0x0000000085c00000, 0x0000000085c00000| Untracked 
|  53|0x0000000085d00000, 0x0000000085d00000, 0x0000000085e00000|  0%| F|  |TAMS 0x0000000085d00000, 0x0000000085d00000| Untracked 
|  54|0x0000000085e00000, 0x0000000085e00000, 0x0000000085f00000|  0%| F|  |TAMS 0x0000000085e00000, 0x0000000085e00000| Untracked 
|  55|0x0000000085f00000, 0x0000000085f00000, 0x0000000086000000|  0%| F|  |TAMS 0x0000000085f00000, 0x0000000085f00000| Untracked 
|  56|0x0000000086000000, 0x0000000086000000, 0x0000000086100000|  0%| F|  |TAMS 0x0000000086000000, 0x0000000086000000| Untracked 
|  57|0x0000000086100000, 0x0000000086100000, 0x0000000086200000|  0%| F|  |TAMS 0x0000000086100000, 0x0000000086100000| Untracked 
|  58|0x0000000086200000, 0x0000000086200000, 0x0000000086300000|  0%| F|  |TAMS 0x0000000086200000, 0x0000000086200000| Untracked 
|  59|0x0000000086300000, 0x0000000086300000, 0x0000000086400000|  0%| F|  |TAMS 0x0000000086300000, 0x0000000086300000| Untracked 
|  60|0x0000000086400000, 0x0000000086400000, 0x0000000086500000|  0%| F|  |TAMS 0x0000000086400000, 0x0000000086400000| Untracked 
|  61|0x0000000086500000, 0x0000000086500000, 0x0000000086600000|  0%| F|  |TAMS 0x0000000086500000, 0x0000000086500000| Untracked 
|  62|0x0000000086600000, 0x0000000086600000, 0x0000000086700000|  0%| F|  |TAMS 0x0000000086600000, 0x0000000086600000| Untracked 
|  63|0x0000000086700000, 0x0000000086700000, 0x0000000086800000|  0%| F|  |TAMS 0x0000000086700000, 0x0000000086700000| Untracked 
|  64|0x0000000086800000, 0x0000000086800000, 0x0000000086900000|  0%| F|  |TAMS 0x0000000086800000, 0x0000000086800000| Untracked 
|  65|0x0000000086900000, 0x0000000086900000, 0x0000000086a00000|  0%| F|  |TAMS 0x0000000086900000, 0x0000000086900000| Untracked 
|  66|0x0000000086a00000, 0x0000000086a00000, 0x0000000086b00000|  0%| F|  |TAMS 0x0000000086a00000, 0x0000000086a00000| Untracked 
|  67|0x0000000086b00000, 0x0000000086b00000, 0x0000000086c00000|  0%| F|  |TAMS 0x0000000086b00000, 0x0000000086b00000| Untracked 
|  68|0x0000000086c00000, 0x0000000086c00000, 0x0000000086d00000|  0%| F|  |TAMS 0x0000000086c00000, 0x0000000086c00000| Untracked 
|  69|0x0000000086d00000, 0x0000000086d00000, 0x0000000086e00000|  0%| F|  |TAMS 0x0000000086d00000, 0x0000000086d00000| Untracked 
|  70|0x0000000086e00000, 0x0000000086e00000, 0x0000000086f00000|  0%| F|  |TAMS 0x0000000086e00000, 0x0000000086e00000| Untracked 
|  71|0x0000000086f00000, 0x0000000086f00000, 0x0000000087000000|  0%| F|  |TAMS 0x0000000086f00000, 0x0000000086f00000| Untracked 
|  72|0x0000000087000000, 0x0000000087000000, 0x0000000087100000|  0%| F|  |TAMS 0x0000000087000000, 0x0000000087000000| Untracked 
|  73|0x0000000087100000, 0x0000000087100000, 0x0000000087200000|  0%| F|  |TAMS 0x0000000087100000, 0x0000000087100000| Untracked 
|  74|0x0000000087200000, 0x0000000087200000, 0x0000000087300000|  0%| F|  |TAMS 0x0000000087200000, 0x0000000087200000| Untracked 
|  75|0x0000000087300000, 0x0000000087300000, 0x0000000087400000|  0%| F|  |TAMS 0x0000000087300000, 0x0000000087300000| Untracked 
|  76|0x0000000087400000, 0x0000000087400000, 0x0000000087500000|  0%| F|  |TAMS 0x0000000087400000, 0x0000000087400000| Untracked 
|  77|0x0000000087500000, 0x0000000087500000, 0x0000000087600000|  0%| F|  |TAMS 0x0000000087500000, 0x0000000087500000| Untracked 
|  78|0x0000000087600000, 0x0000000087600000, 0x0000000087700000|  0%| F|  |TAMS 0x0000000087600000, 0x0000000087600000| Untracked 
|  79|0x0000000087700000, 0x0000000087700000, 0x0000000087800000|  0%| F|  |TAMS 0x0000000087700000, 0x0000000087700000| Untracked 
|  80|0x0000000087800000, 0x0000000087800000, 0x0000000087900000|  0%| F|  |TAMS 0x0000000087800000, 0x0000000087800000| Untracked 
|  81|0x0000000087900000, 0x0000000087900000, 0x0000000087a00000|  0%| F|  |TAMS 0x0000000087900000, 0x0000000087900000| Untracked 
|  82|0x0000000087a00000, 0x0000000087a00000, 0x0000000087b00000|  0%| F|  |TAMS 0x0000000087a00000, 0x0000000087a00000| Untracked 
|  83|0x0000000087b00000, 0x0000000087b00000, 0x0000000087c00000|  0%| F|  |TAMS 0x0000000087b00000, 0x0000000087b00000| Untracked 
|  84|0x0000000087c00000, 0x0000000087c00000, 0x0000000087d00000|  0%| F|  |TAMS 0x0000000087c00000, 0x0000000087c00000| Untracked 
|  85|0x0000000087d00000, 0x0000000087d00000, 0x0000000087e00000|  0%| F|  |TAMS 0x0000000087d00000, 0x0000000087d00000| Untracked 
|  86|0x0000000087e00000, 0x0000000087e00000, 0x0000000087f00000|  0%| F|  |TAMS 0x0000000087e00000, 0x0000000087e00000| Untracked 
|  87|0x0000000087f00000, 0x0000000087f00000, 0x0000000088000000|  0%| F|  |TAMS 0x0000000087f00000, 0x0000000087f00000| Untracked 
|  88|0x0000000088000000, 0x0000000088000000, 0x0000000088100000|  0%| F|  |TAMS 0x0000000088000000, 0x0000000088000000| Untracked 
|  89|0x0000000088100000, 0x0000000088100000, 0x0000000088200000|  0%| F|  |TAMS 0x0000000088100000, 0x0000000088100000| Untracked 
|  90|0x0000000088200000, 0x0000000088200000, 0x0000000088300000|  0%| F|  |TAMS 0x0000000088200000, 0x0000000088200000| Untracked 
|  91|0x0000000088300000, 0x0000000088300000, 0x0000000088400000|  0%| F|  |TAMS 0x0000000088300000, 0x0000000088300000| Untracked 
|  92|0x0000000088400000, 0x0000000088400000, 0x0000000088500000|  0%| F|  |TAMS 0x0000000088400000, 0x0000000088400000| Untracked 
|  93|0x0000000088500000, 0x0000000088500000, 0x0000000088600000|  0%| F|  |TAMS 0x0000000088500000, 0x0000000088500000| Untracked 
|  94|0x0000000088600000, 0x0000000088600000, 0x0000000088700000|  0%| F|  |TAMS 0x0000000088600000, 0x0000000088600000| Untracked 
|  95|0x0000000088700000, 0x0000000088700000, 0x0000000088800000|  0%| F|  |TAMS 0x0000000088700000, 0x0000000088700000| Untracked 
|  96|0x0000000088800000, 0x0000000088800000, 0x0000000088900000|  0%| F|  |TAMS 0x0000000088800000, 0x0000000088800000| Untracked 
|  97|0x0000000088900000, 0x0000000088900000, 0x0000000088a00000|  0%| F|  |TAMS 0x0000000088900000, 0x0000000088900000| Untracked 
|  98|0x0000000088a00000, 0x0000000088a00000, 0x0000000088b00000|  0%| F|  |TAMS 0x0000000088a00000, 0x0000000088a00000| Untracked 
|  99|0x0000000088b00000, 0x0000000088b00000, 0x0000000088c00000|  0%| F|  |TAMS 0x0000000088b00000, 0x0000000088b00000| Untracked 
| 100|0x0000000088c00000, 0x0000000088c00000, 0x0000000088d00000|  0%| F|  |TAMS 0x0000000088c00000, 0x0000000088c00000| Untracked 
| 101|0x0000000088d00000, 0x0000000088d00000, 0x0000000088e00000|  0%| F|  |TAMS 0x0000000088d00000, 0x0000000088d00000| Untracked 
| 102|0x0000000088e00000, 0x0000000088e00000, 0x0000000088f00000|  0%| F|  |TAMS 0x0000000088e00000, 0x0000000088e00000| Untracked 
| 103|0x0000000088f00000, 0x0000000088f00000, 0x0000000089000000|  0%| F|  |TAMS 0x0000000088f00000, 0x0000000088f00000| Untracked 
| 104|0x0000000089000000, 0x0000000089000000, 0x0000000089100000|  0%| F|  |TAMS 0x0000000089000000, 0x0000000089000000| Untracked 
| 105|0x0000000089100000, 0x0000000089100000, 0x0000000089200000|  0%| F|  |TAMS 0x0000000089100000, 0x0000000089100000| Untracked 
| 106|0x0000000089200000, 0x0000000089200000, 0x0000000089300000|  0%| F|  |TAMS 0x0000000089200000, 0x0000000089200000| Untracked 
| 107|0x0000000089300000, 0x0000000089300000, 0x0000000089400000|  0%| F|  |TAMS 0x0000000089300000, 0x0000000089300000| Untracked 
| 108|0x0000000089400000, 0x0000000089400000, 0x0000000089500000|  0%| F|  |TAMS 0x0000000089400000, 0x0000000089400000| Untracked 
| 109|0x0000000089500000, 0x0000000089500000, 0x0000000089600000|  0%| F|  |TAMS 0x0000000089500000, 0x0000000089500000| Untracked 
| 110|0x0000000089600000, 0x0000000089600000, 0x0000000089700000|  0%| F|  |TAMS 0x0000000089600000, 0x0000000089600000| Untracked 
| 111|0x0000000089700000, 0x0000000089700000, 0x0000000089800000|  0%| F|  |TAMS 0x0000000089700000, 0x0000000089700000| Untracked 
| 112|0x0000000089800000, 0x0000000089800000, 0x0000000089900000|  0%| F|  |TAMS 0x0000000089800000, 0x0000000089800000| Untracked 
| 113|0x0000000089900000, 0x0000000089900000, 0x0000000089a00000|  0%| F|  |TAMS 0x0000000089900000, 0x0000000089900000| Untracked 
| 114|0x0000000089a00000, 0x0000000089aec0e0, 0x0000000089b00000| 92%| E|  |TAMS 0x0000000089a00000, 0x0000000089a00000| Complete 
| 115|0x0000000089b00000, 0x0000000089c00000, 0x0000000089c00000|100%| E|CS|TAMS 0x0000000089b00000, 0x0000000089b00000| Complete 
| 116|0x0000000089c00000, 0x0000000089d00000, 0x0000000089d00000|100%| E|CS|TAMS 0x0000000089c00000, 0x0000000089c00000| Complete 
| 117|0x0000000089d00000, 0x0000000089e00000, 0x0000000089e00000|100%| E|CS|TAMS 0x0000000089d00000, 0x0000000089d00000| Complete 
| 118|0x0000000089e00000, 0x0000000089f00000, 0x0000000089f00000|100%| E|CS|TAMS 0x0000000089e00000, 0x0000000089e00000| Complete 
| 119|0x0000000089f00000, 0x000000008a000000, 0x000000008a000000|100%| E|CS|TAMS 0x0000000089f00000, 0x0000000089f00000| Complete 
| 120|0x000000008a000000, 0x000000008a100000, 0x000000008a100000|100%| E|CS|TAMS 0x000000008a000000, 0x000000008a000000| Complete 
| 121|0x000000008a100000, 0x000000008a200000, 0x000000008a200000|100%| E|CS|TAMS 0x000000008a100000, 0x000000008a100000| Complete 
| 122|0x000000008a200000, 0x000000008a300000, 0x000000008a300000|100%| E|CS|TAMS 0x000000008a200000, 0x000000008a200000| Complete 
| 123|0x000000008a300000, 0x000000008a400000, 0x000000008a400000|100%| E|  |TAMS 0x000000008a300000, 0x000000008a300000| Complete 
| 124|0x000000008a400000, 0x000000008a500000, 0x000000008a500000|100%| E|CS|TAMS 0x000000008a400000, 0x000000008a400000| Complete 
| 125|0x000000008a500000, 0x000000008a600000, 0x000000008a600000|100%| E|CS|TAMS 0x000000008a500000, 0x000000008a500000| Complete 

Card table byte_map: [0x0000016e6e460000,0x0000016e6e850000] _byte_map_base: 0x0000016e6e04c000

Marking Bits (Prev, Next): (CMBitMap*) 0x0000016e63727fa0, (CMBitMap*) 0x0000016e63727fe0
 Prev Bits: [0x0000016e6ec40000, 0x0000016e70ba0000)
 Next Bits: [0x0000016e70ba0000, 0x0000016e72b00000)

Polling page: 0x0000016e62e90000

Metaspace:

Usage:
  Non-class:      3.06 MB used.
      Class:    430.80 KB used.
       Both:      3.48 MB used.

Virtual space:
  Non-class space:       64.00 MB reserved,       3.12 MB (  5%) committed,  1 nodes.
      Class space:        1.00 GB reserved,     512.00 KB ( <1%) committed,  1 nodes.
             Both:        1.06 GB reserved,       3.62 MB ( <1%) committed. 

Chunk freelists:
   Non-Class:  11.92 MB
       Class:  15.53 MB
        Both:  27.45 MB

MaxMetaspaceSize: unlimited
CompressedClassSpaceSize: 1.00 GB
Initial GC threshold: 21.00 MB
Current GC threshold: 21.00 MB
CDS: on
MetaspaceReclaimPolicy: balanced
 - commit_granule_bytes: 65536.
 - commit_granule_words: 8192.
 - virtual_space_node_default_size: 8388608.
 - enlarge_chunks_in_place: 1.
 - new_chunks_are_fully_committed: 0.
 - uncommit_free_chunks: 1.
 - use_allocation_guard: 0.
 - handle_deallocations: 1.


Internal statistics:

num_allocs_failed_limit: 0.
num_arena_births: 70.
num_arena_deaths: 0.
num_vsnodes_births: 2.
num_vsnodes_deaths: 0.
num_space_committed: 58.
num_space_uncommitted: 0.
num_chunks_returned_to_freelist: 0.
num_chunks_taken_from_freelist: 80.
num_chunk_merges: 0.
num_chunk_splits: 52.
num_chunks_enlarged: 28.
num_purges: 0.
num_inconsistent_stats: 0.

CodeCache: size=49152Kb used=3195Kb max_used=3195Kb free=45956Kb
 bounds [0x0000016e6af60000, 0x0000016e6b280000, 0x0000016e6df60000]
 total_blobs=1176 nmethods=748 adapters=354
 compilation: enabled
              stopped_count=0, restarted_count=0
 full_count=0

Compilation events (20 events):
Event: 0.279 Thread 0x0000016e757c1e00  736       1       sun.security.util.KnownOIDs::register (349 bytes)
Event: 0.279 Thread 0x0000016e755b0a60  737       1       java.util.ArrayList::grow (60 bytes)
Event: 0.279 Thread 0x0000016e755b0a60 nmethod 737 0x0000016e6b276190 code [0x0000016e6b276340, 0x0000016e6b276658]
Event: 0.280 Thread 0x0000016e755b0a60  738  s    1       java.util.Properties::put (10 bytes)
Event: 0.280 Thread 0x0000016e755b0a60 nmethod 738 0x0000016e6b276790 code [0x0000016e6b276920, 0x0000016e6b276ac8]
Event: 0.280 Thread 0x0000016e755b0a60  739       1       java.util.HashMap::entrySet (27 bytes)
Event: 0.280 Thread 0x0000016e755b0a60 nmethod 739 0x0000016e6b276b90 code [0x0000016e6b276d20, 0x0000016e6b276f38]
Event: 0.280 Thread 0x0000016e757c1e00 nmethod 736 0x0000016e6b277010 code [0x0000016e6b2775e0, 0x0000016e6b279538]
Event: 0.280 Thread 0x0000016e755b0a60  740       1       java.lang.StringBuilder::append (8 bytes)
Event: 0.280 Thread 0x0000016e757c2310  741       1       java.lang.AbstractStringBuilder::append (55 bytes)
Event: 0.280 Thread 0x0000016e755b0a60 nmethod 740 0x0000016e6b27a510 code [0x0000016e6b27a6a0, 0x0000016e6b27a788]
Event: 0.281 Thread 0x0000016e757c2310 nmethod 741 0x0000016e6b27a810 code [0x0000016e6b27a9c0, 0x0000016e6b27ab78]
Event: 0.281 Thread 0x0000016e757c2310  743       1       jdk.internal.org.objectweb.asm.Frame::setLocal (65 bytes)
Event: 0.281 Thread 0x0000016e757c2310 nmethod 743 0x0000016e6b27b290 code [0x0000016e6b27b440, 0x0000016e6b27b828]
Event: 0.281 Thread 0x0000016e757c2310  744       1       jdk.internal.org.objectweb.asm.Frame::pop (53 bytes)
Event: 0.282 Thread 0x0000016e757c2310 nmethod 744 0x0000016e6b27b990 code [0x0000016e6b27bb80, 0x0000016e6b27be98]
Event: 0.286 Thread 0x0000016e755b0a60  746       1       java.util.concurrent.ConcurrentHashMap$MapEntry::getValue (5 bytes)
Event: 0.286 Thread 0x0000016e757c2310  745       1       java.util.concurrent.ConcurrentHashMap$MapEntry::getKey (5 bytes)
Event: 0.286 Thread 0x0000016e755b0a60 nmethod 746 0x0000016e6b27c110 code [0x0000016e6b27c2a0, 0x0000016e6b27c378]
Event: 0.286 Thread 0x0000016e757c2310 nmethod 745 0x0000016e6b27c410 code [0x0000016e6b27c5a0, 0x0000016e6b27c678]

GC Heap History (0 events):
No events

Deoptimization events (0 events):
No events

Classes unloaded (0 events):
No events

Classes redefined (0 events):
No events

Internal exceptions (8 events):
Event: 0.163 Thread 0x0000016e7a064640 Exception <a 'java/lang/NoSuchMethodError'{0x0000000089d044d8}: 'java.lang.Object java.lang.invoke.DirectMethodHandle$Holder.invokeStaticInit(java.lang.Object)'> (0x0000000089d044d8) 
thrown [s\open\src\hotspot\share\interpreter\linkResolver.cpp, line 759]
Event: 0.170 Thread 0x0000016e7a064640 Exception <a 'java/lang/NoSuchMethodError'{0x0000000089d122a0}: 'void java.lang.invoke.DirectMethodHandle$Holder.invokeStatic(java.lang.Object, java.lang.Object)'> (0x0000000089d122a0) 
thrown [s\open\src\hotspot\share\interpreter\linkResolver.cpp, line 759]
Event: 0.187 Thread 0x0000016e636ca090 Exception <a 'java/lang/NoSuchMethodError'{0x0000000089da5bf8}: 'int java.lang.invoke.DirectMethodHandle$Holder.invokeInterface(java.lang.Object, java.lang.Object)'> (0x0000000089da5bf8) 
thrown [s\open\src\hotspot\share\interpreter\linkResolver.cpp, line 759]
Event: 0.188 Thread 0x0000016e636ca090 Exception <a 'java/lang/IncompatibleClassChangeError'{0x0000000089da91f8}: Found class java.lang.Object, but interface was expected> (0x0000000089da91f8) 
thrown [s\open\src\hotspot\share\interpreter\linkResolver.cpp, line 826]
Event: 0.223 Thread 0x0000016e636ca090 Exception <a 'java/lang/NoSuchMethodError'{0x0000000089c74bb0}: 'int java.lang.invoke.DirectMethodHandle$Holder.invokeSpecial(java.lang.Object, java.lang.Object, java.lang.Object)'> (0x0000000089c74bb0) 
thrown [s\open\src\hotspot\share\interpreter\linkResolver.cpp, line 759]
Event: 0.255 Thread 0x0000016e636ca090 Exception <a 'java/lang/NoSuchMethodError'{0x0000000089b6f668}: 'void java.lang.invoke.DirectMethodHandle$Holder.invokeStatic(java.lang.Object, java.lang.Object, java.lang.Object)'> (0x0000000089b6f668) 
thrown [s\open\src\hotspot\share\interpreter\linkResolver.cpp, line 759]
Event: 0.263 Thread 0x0000016e636ca090 Exception <a 'java/lang/NoSuchMethodError'{0x0000000089bac2d0}: 'int java.lang.invoke.DirectMethodHandle$Holder.invokeSpecialIFC(java.lang.Object, java.lang.Object, java.lang.Object)'> (0x0000000089bac2d0) 
thrown [s\open\src\hotspot\share\interpreter\linkResolver.cpp, line 759]
Event: 0.281 Thread 0x0000016e636ca090 Exception <a 'java/lang/NoSuchMethodError'{0x0000000089a22ca0}: 'java.lang.Object java.lang.invoke.DirectMethodHandle$Holder.invokeStaticInit(java.lang.Object, int, int, int, int)'> (0x0000000089a22ca0) 
thrown [s\open\src\hotspot\share\interpreter\linkResolver.cpp, line 759]

VM Operations (6 events):
Event: 0.163 Executing VM operation: HandshakeAllThreads
Event: 0.163 Executing VM operation: HandshakeAllThreads done
Event: 0.191 Executing VM operation: HandshakeAllThreads
Event: 0.191 Executing VM operation: HandshakeAllThreads done
Event: 0.272 Executing VM operation: HandshakeAllThreads
Event: 0.272 Executing VM operation: HandshakeAllThreads done

Events (20 events):
Event: 0.285 loading class java/security/MessageDigest$Delegate$CloneableDelegate
Event: 0.285 loading class java/security/MessageDigest$Delegate$CloneableDelegate done
Event: 0.285 loading class sun/security/provider/SeedGenerator$ThreadedSeedGenerator$1
Event: 0.285 loading class sun/security/provider/SeedGenerator$ThreadedSeedGenerator$1 done
Event: 0.285 Thread 0x0000016e7a1b99a0 Thread added: 0x0000016e7a1b99a0
Event: 0.286 loading class sun/security/provider/SeedGenerator$1
Event: 0.286 loading class sun/security/provider/SeedGenerator$1 done
Event: 0.286 loading class sun/security/provider/SeedGenerator$ThreadedSeedGenerator$BogusThread
Event: 0.286 loading class sun/security/provider/SeedGenerator$ThreadedSeedGenerator$BogusThread done
Event: 0.286 loading class sun/security/provider/ByteArrayAccess
Event: 0.286 Thread 0x0000016e7a1ba2f0 Thread added: 0x0000016e7a1ba2f0
Event: 0.286 loading class sun/security/provider/ByteArrayAccess done
Event: 0.286 loading class sun/security/provider/ByteArrayAccess$BE
Event: 0.286 loading class sun/security/provider/ByteArrayAccess$BE done
Event: 0.286 loading class java/lang/invoke/VarHandleByteArrayAsInts$ArrayHandle
Event: 0.286 loading class java/lang/invoke/VarHandleByteArrayAsInts$ByteArrayViewVarHandle
Event: 0.286 loading class java/lang/invoke/VarHandleByteArrayAsInts$ByteArrayViewVarHandle done
Event: 0.286 loading class java/lang/invoke/VarHandleByteArrayAsInts$ArrayHandle done
Event: 0.286 loading class java/lang/ArrayIndexOutOfBoundsException
Event: 0.286 loading class java/lang/IndexOutOfBoundsException


Dynamic libraries:
0x00007ff75f1a0000 - 0x00007ff75f1b0000 	D:\Documents\java\versions\jdk-17.0.8\bin\java.exe
0x00007ffa18510000 - 0x00007ffa18727000 	C:\WINDOWS\SYSTEM32\ntdll.dll
0x00007ffa16d90000 - 0x00007ffa16e54000 	C:\WINDOWS\System32\KERNEL32.DLL
0x00007ffa15a50000 - 0x00007ffa15df6000 	C:\WINDOWS\System32\KERNELBASE.dll
0x00007ffa15890000 - 0x00007ffa159a1000 	C:\WINDOWS\System32\ucrtbase.dll
0x00007ff9f1c90000 - 0x00007ff9f1ca9000 	D:\Documents\java\versions\jdk-17.0.8\bin\jli.dll
0x00007ff9f1c70000 - 0x00007ff9f1c8b000 	D:\Documents\java\versions\jdk-17.0.8\bin\VCRUNTIME140.dll
0x00007ffa16620000 - 0x00007ffa166d0000 	C:\WINDOWS\System32\ADVAPI32.dll
0x00007ffa17fa0000 - 0x00007ffa18047000 	C:\WINDOWS\System32\msvcrt.dll
0x00007ffa16c90000 - 0x00007ffa16d36000 	C:\WINDOWS\System32\sechost.dll
0x00007ffa16a60000 - 0x00007ffa16b77000 	C:\WINDOWS\System32\RPCRT4.dll
0x00007ffa16880000 - 0x00007ffa16a2e000 	C:\WINDOWS\System32\USER32.dll
0x00007ff9fcaf0000 - 0x00007ff9fcd83000 	C:\WINDOWS\WinSxS\amd64_microsoft.windows.common-controls_6595b64144ccf1df_6.0.22621.2361_none_2712ced57382f843\COMCTL32.dll
0x00007ffa160b0000 - 0x00007ffa160d6000 	C:\WINDOWS\System32\win32u.dll
0x00007ffa16a30000 - 0x00007ffa16a59000 	C:\WINDOWS\System32\GDI32.dll
0x00007ffa16150000 - 0x00007ffa16268000 	C:\WINDOWS\System32\gdi32full.dll
0x00007ffa159b0000 - 0x00007ffa15a4a000 	C:\WINDOWS\System32\msvcp_win.dll
0x00007ffa0d790000 - 0x00007ffa0d79a000 	C:\WINDOWS\SYSTEM32\VERSION.dll
0x00007ffa16d50000 - 0x00007ffa16d81000 	C:\WINDOWS\System32\IMM32.DLL
0x00007ffa10530000 - 0x00007ffa1053c000 	D:\Documents\java\versions\jdk-17.0.8\bin\vcruntime140_1.dll
0x00007ff9f1be0000 - 0x00007ff9f1c6e000 	D:\Documents\java\versions\jdk-17.0.8\bin\msvcp140.dll
0x00007ff9b4c40000 - 0x00007ff9b581e000 	D:\Documents\java\versions\jdk-17.0.8\bin\server\jvm.dll
0x00007ffa16b80000 - 0x00007ffa16b88000 	C:\WINDOWS\System32\PSAPI.DLL
0x00007ffa0e190000 - 0x00007ffa0e1c4000 	C:\WINDOWS\SYSTEM32\WINMM.dll
0x00007ff9fbe60000 - 0x00007ff9fbe69000 	C:\WINDOWS\SYSTEM32\WSOCK32.dll
0x00007ffa17280000 - 0x00007ffa172f1000 	C:\WINDOWS\System32\WS2_32.dll
0x00007ffa14920000 - 0x00007ffa14938000 	C:\WINDOWS\SYSTEM32\kernel.appcore.dll
0x00007ffa0f520000 - 0x00007ffa0f52a000 	D:\Documents\java\versions\jdk-17.0.8\bin\jimage.dll
0x00007ffa13270000 - 0x00007ffa1349e000 	C:\WINDOWS\SYSTEM32\DBGHELP.DLL
0x00007ffa16290000 - 0x00007ffa1661a000 	C:\WINDOWS\System32\combase.dll
0x00007ffa17140000 - 0x00007ffa17217000 	C:\WINDOWS\System32\OLEAUT32.dll
0x00007ff9e3100000 - 0x00007ff9e3132000 	C:\WINDOWS\SYSTEM32\dbgcore.DLL
0x00007ffa16030000 - 0x00007ffa160aa000 	C:\WINDOWS\System32\bcryptPrimitives.dll
0x00007ffa0efe0000 - 0x00007ffa0efee000 	D:\Documents\java\versions\jdk-17.0.8\bin\instrument.dll
0x00007ffa0f7a0000 - 0x00007ffa0f7c5000 	D:\Documents\java\versions\jdk-17.0.8\bin\java.dll
0x00007ff9f1ad0000 - 0x00007ff9f1ba7000 	D:\Documents\java\versions\jdk-17.0.8\bin\jsvml.dll
0x00007ffa17300000 - 0x00007ffa17b58000 	C:\WINDOWS\System32\SHELL32.dll
0x00007ffa137b0000 - 0x00007ffa140a2000 	C:\WINDOWS\SYSTEM32\windows.storage.dll
0x00007ffa13670000 - 0x00007ffa137ae000 	C:\WINDOWS\SYSTEM32\wintypes.dll
0x00007ffa17da0000 - 0x00007ffa17e93000 	C:\WINDOWS\System32\SHCORE.dll
0x00007ffa16820000 - 0x00007ffa1687e000 	C:\WINDOWS\System32\shlwapi.dll
0x00007ffa157c0000 - 0x00007ffa157e6000 	C:\WINDOWS\SYSTEM32\profapi.dll
0x00007ffa0f060000 - 0x00007ffa0f078000 	D:\Documents\java\versions\jdk-17.0.8\bin\zip.dll
0x00007ffa0f4b0000 - 0x00007ffa0f4c9000 	D:\Documents\java\versions\jdk-17.0.8\bin\net.dll
0x00007ffa124c0000 - 0x00007ffa125f7000 	C:\WINDOWS\SYSTEM32\WINHTTP.dll
0x00007ffa14e20000 - 0x00007ffa14e89000 	C:\WINDOWS\system32\mswsock.dll
0x00007ffa0f080000 - 0x00007ffa0f096000 	D:\Documents\java\versions\jdk-17.0.8\bin\nio.dll
0x00007ffa0efc0000 - 0x00007ffa0efda000 	C:\Users\Oleg\AppData\Local\JetBrains\Toolbox\apps\IDEA-U\ch-0\232.9921.47\bin\breakgen64.dll
0x00007ffa143f0000 - 0x00007ffa144e9000 	C:\WINDOWS\SYSTEM32\DNSAPI.dll
0x00007ffa14380000 - 0x00007ffa143ad000 	C:\WINDOWS\SYSTEM32\IPHLPAPI.DLL
0x00007ffa16c30000 - 0x00007ffa16c39000 	C:\WINDOWS\System32\NSI.dll
0x0000000058630000 - 0x0000000058656000 	C:\Program Files\Bonjour\mdnsNSP.dll
0x00007ffa0d300000 - 0x00007ffa0d30a000 	C:\Windows\System32\rasadhlp.dll
0x00007ffa0c160000 - 0x00007ffa0c1e4000 	C:\WINDOWS\System32\fwpuclnt.dll
0x00007ffa0e660000 - 0x00007ffa0e66a000 	D:\Documents\java\versions\jdk-17.0.8\bin\management.dll
0x00007ffa0e650000 - 0x00007ffa0e65b000 	D:\Documents\java\versions\jdk-17.0.8\bin\management_ext.dll
0x00007ffa15090000 - 0x00007ffa150ab000 	C:\WINDOWS\SYSTEM32\CRYPTSP.dll
0x00007ffa148e0000 - 0x00007ffa14915000 	C:\WINDOWS\system32\rsaenh.dll
0x00007ffa14f30000 - 0x00007ffa14f5c000 	C:\WINDOWS\SYSTEM32\USERENV.dll
0x00007ffa15230000 - 0x00007ffa15258000 	C:\WINDOWS\SYSTEM32\bcrypt.dll

dbghelp: loaded successfully - version: 4.0.5 - missing functions: none
symbol engine: initialized successfully - sym options: 0x614 - pdb path: .;D:\Documents\java\versions\jdk-17.0.8\bin;C:\WINDOWS\SYSTEM32;C:\WINDOWS\WinSxS\amd64_microsoft.windows.common-controls_6595b64144ccf1df_6.0.22621.2361_none_2712ced57382f843;D:\Documents\java\versions\jdk-17.0.8\bin\server;C:\Users\Oleg\AppData\Local\JetBrains\Toolbox\apps\IDEA-U\ch-0\232.9921.47\bin;C:\Program Files\Bonjour

VM Arguments:
jvm_args: -XX:TieredStopAtLevel=1 -Dspring.output.ansi.enabled=always -Dcom.sun.management.jmxremote -Dspring.jmx.enabled=true -Dspring.liveBeansView.mbeanDomain -Dspring.application.admin.enabled=true -Dmanagement.endpoints.jmx.exposure.include=* -javaagent:C:\Users\Oleg\AppData\Local\JetBrains\Toolbox\apps\IDEA-U\ch-0\232.9921.47\lib\idea_rt.jar=54307:C:\Users\Oleg\AppData\Local\JetBrains\Toolbox\apps\IDEA-U\ch-0\232.9921.47\bin -Dfile.encoding=UTF-8 
java_command: ru.ryazancev.parkingreservationsystem.ParkingReservationSystemApplication
java_class_path (initial): D:\Documents\java\003-projects\000-pet_projects\parking-reservation-system\target\classes;C:\Users\Oleg\.m2\repository\org\springframework\boot\spring-boot-starter-data-jdbc\3.1.4\spring-boot-starter-data-jdbc-3.1.4.jar;C:\Users\Oleg\.m2\repository\org\springframework\boot\spring-boot-starter-jdbc\3.1.4\spring-boot-starter-jdbc-3.1.4.jar;C:\Users\Oleg\.m2\repository\com\zaxxer\HikariCP\5.0.1\HikariCP-5.0.1.jar;C:\Users\Oleg\.m2\repository\org\springframework\spring-jdbc\6.0.12\spring-jdbc-6.0.12.jar;C:\Users\Oleg\.m2\repository\org\springframework\data\spring-data-jdbc\3.1.4\spring-data-jdbc-3.1.4.jar;C:\Users\Oleg\.m2\repository\org\springframework\data\spring-data-relational\3.1.4\spring-data-relational-3.1.4.jar;C:\Users\Oleg\.m2\repository\org\springframework\data\spring-data-commons\3.1.4\spring-data-commons-3.1.4.jar;C:\Users\Oleg\.m2\repository\org\springframework\spring-tx\6.0.12\spring-tx-6.0.12.jar;C:\Users\Oleg\.m2\repository\org\springframework\spring-context\6.0.12\spring-context-6.0.12.jar;C:\Users\Oleg\.m2\repository\org\springframework\spring-beans\6.0.12\spring-beans-6.0.12.jar;C:\Users\Oleg\.m2\repository\org\springframework\spring-core\6.0.12\spring-core-6.0.12.jar;C:\Users\Oleg\.m2\repository\org\springframework\spring-jcl\6.0.12\spring-jcl-6.0.12.jar;C:\Users\Oleg\.m2\repository\org\slf4j\slf4j-api\2.0.9\slf4j-api-2.0.9.jar;C:\Users\Oleg\.m2\repository\org\springframework\boot\spring-boot-starter-data-jpa\3.1.4\spring-boot-starter-data-jpa-3.1.4.jar;C:\Users\Oleg\.m2\repository\org\springframework\boot\spring-boot-starter-aop\3.1.4\spring-boot-starter-aop-3.1.4.jar;C:\Users\Oleg\.m2\repository\org\springframework\spring-aop\6.0.12\spring-aop-6.0.12.jar;C:\Users\Oleg\.m2\repository\org\aspectj\aspectjweaver\1.9.20\aspectjweaver-1.9.20.jar;C:\Users\Oleg\.m2\repository\org\hibernate\orm\hibernate-core\6.2.9.Final\hibernate-core-6.2.9.Final.jar;C:\Users\Oleg\.m2\repository\jakarta\persistence\jakarta.persistence-api\3.1.
Launcher Type: SUN_STANDARD

[Global flags]
     intx CICompilerCount                          = 4                                         {product} {ergonomic}
     uint ConcGCThreads                            = 2                                         {product} {ergonomic}
     uint G1ConcRefinementThreads                  = 8                                         {product} {ergonomic}
   size_t G1HeapRegionSize                         = 1048576                                   {product} {ergonomic}
    uintx GCDrainStackTargetSize                   = 64                                        {product} {ergonomic}
   size_t InitialHeapSize                          = 132120576                                 {product} {ergonomic}
     bool ManagementServer                         = true                                      {product} {command line}
   size_t MarkStackSize                            = 4194304                                   {product} {ergonomic}
   size_t MaxHeapSize                              = 2105540608                                {product} {ergonomic}
   size_t MaxNewSize                               = 1262485504                                {product} {ergonomic}
   size_t MinHeapDeltaBytes                        = 1048576                                   {product} {ergonomic}
   size_t MinHeapSize                              = 8388608                                   {product} {ergonomic}
    uintx NonProfiledCodeHeapSize                  = 0                                      {pd product} {ergonomic}
     bool ProfileInterpreter                       = false                                  {pd product} {command line}
    uintx ProfiledCodeHeapSize                     = 0                                      {pd product} {ergonomic}
   size_t SoftMaxHeapSize                          = 2105540608                             {manageable} {ergonomic}
     intx TieredStopAtLevel                        = 1                                         {product} {command line}
     bool UseCompressedClassPointers               = true                           {product lp64_product} {ergonomic}
     bool UseCompressedOops                        = true                           {product lp64_product} {ergonomic}
     bool UseG1GC                                  = true                                      {product} {ergonomic}
     bool UseLargePagesIndividualAllocation        = false                                  {pd product} {ergonomic}

Logging:
Log output configuration:
 #0: stdout all=warning uptime,level,tags
 #1: stderr all=off uptime,level,tags

Environment Variables:
JAVA_HOME=D:\Documents\java\versions\jdk20
PATH=C:\Program Files (x86)\Common Files\Intel\Shared Libraries\redist\intel64\compiler;C:\WINDOWS\system32;C:\WINDOWS;C:\WINDOWS\System32\Wbem;C:\WINDOWS\System32\WindowsPowerShell\v1.0\;C:\WINDOWS\System32\OpenSSH\;C:\Program Files\Microsoft SQL Server\Client SDK\ODBC\110\Tools\Binn\;C:\Program Files (x86)\Microsoft SQL Server\120\Tools\Binn\;C:\Program Files\Microsoft SQL Server\120\Tools\Binn\;C:\Program Files\Microsoft SQL Server\120\DTS\Binn\;C:\Program Files (x86)\Windows Kits\8.1\Windows Performance Toolkit\;C:\Program Files\Microsoft SQL Server\150\Tools\Binn\;C:\Program Files\Microsoft SQL Server\Client SDK\ODBC\170\Tools\Binn\;D:\Documents\java\versions\jdk20\bin;D:\Documents\java\001-java_libraries\maven\apache-maven-3.9.4\bin;D:\Documents\java\001-java_libraries\gradle\gradle-8.3\bin;D:\Documents\java\versions\jdk20\bin;D:\Programs\Git\cmd;C:\Program Files\Docker\Docker\resources\bin;C:\Users\Юыху\AppData\Local\Microsoft\WindowsApps;C:\Users\Юыху\.dotnet\tools;D:\IntelliJ IDEA Community Edition 2023.1\bin;C:\Users\Oleg\AppData\Local\JetBrains\Toolbox\scripts;C:\Users\Oleg\yandex-cloud\bin;D:\Programs\Microsoft VS Code\bin;
USERNAME=Oleg
OS=Windows_NT
PROCESSOR_IDENTIFIER=Intel64 Family 6 Model 142 Stepping 12, GenuineIntel



---------------  S Y S T E M  ---------------

OS:
 Windows 11 , 64 bit Build 22621 (10.0.22621.2361)
OS uptime: 0 days 3:58 hours
Hyper-V role detected

CPU: total 8 (initial active 8) (4 cores per cpu, 2 threads per core) family 6 model 142 stepping 12 microcode 0xde, cx8, cmov, fxsr, ht, mmx, 3dnowpref, sse, sse2, sse3, ssse3, sse4.1, sse4.2, popcnt, lzcnt, tsc, tscinvbit, avx, avx2, aes, erms, clmul, bmi1, bmi2, adx, fma, vzeroupper, clflush, clflushopt, hv

Memory: 4k page, system-wide physical 8025M (897M free)
TotalPageFile size 10041M (AvailPageFile size 170M)
current process WorkingSet (physical memory assigned to process): 52M, peak: 52M
current process commit charge ("private bytes"): 212M, peak: 212M

vm_info: Java HotSpot(TM) 64-Bit Server VM (17.0.8+9-LTS-211) for windows-amd64 JRE (17.0.8+9-LTS-211), built on Jun 14 2023 10:34:31 by "mach5one" with MS VC++ 17.1 (VS2022)

END.
